{"/Users/zane/playground/liquid-labs/cloudcraft/src/cli/cloudcraft.mjs": {"path":"/Users/zane/playground/liquid-labs/cloudcraft/src/cli/cloudcraft.mjs","statementMap":{"0":{"start":{"line":1,"column":0},"end":{"line":1,"column":null}},"1":{"start":{"line":3,"column":0},"end":{"line":3,"column":null}},"2":{"start":{"line":4,"column":0},"end":{"line":4,"column":null}},"3":{"start":{"line":5,"column":0},"end":{"line":5,"column":null}},"4":{"start":{"line":6,"column":0},"end":{"line":6,"column":null}},"5":{"start":{"line":7,"column":0},"end":{"line":7,"column":null}},"6":{"start":{"line":8,"column":0},"end":{"line":8,"column":null}},"7":{"start":{"line":9,"column":0},"end":{"line":9,"column":null}},"8":{"start":{"line":10,"column":0},"end":{"line":10,"column":null}},"9":{"start":{"line":11,"column":0},"end":{"line":11,"column":null}},"10":{"start":{"line":12,"column":0},"end":{"line":12,"column":null}},"11":{"start":{"line":13,"column":0},"end":{"line":13,"column":null}},"12":{"start":{"line":14,"column":0},"end":{"line":14,"column":null}},"13":{"start":{"line":16,"column":0},"end":{"line":16,"column":null}},"14":{"start":{"line":18,"column":19},"end":{"line":67,"column":1}},"15":{"start":{"line":19,"column":22},"end":{"line":19,"column":89}},"16":{"start":{"line":20,"column":15},"end":{"line":20,"column":41}},"17":{"start":{"line":22,"column":29},"end":{"line":22,"column":40}},"18":{"start":{"line":23,"column":21},"end":{"line":23,"column":47}},"19":{"start":{"line":25,"column":2},"end":{"line":66,"column":null}},"20":{"start":{"line":26,"column":4},"end":{"line":56,"column":null}},"21":{"start":{"line":28,"column":6},"end":{"line":28,"column":37}},"22":{"start":{"line":28,"column":37},"end":{"line":28,"column":null}},"23":{"start":{"line":30,"column":6},"end":{"line":30,"column":36}},"24":{"start":{"line":30,"column":36},"end":{"line":30,"column":null}},"25":{"start":{"line":32,"column":6},"end":{"line":32,"column":37}},"26":{"start":{"line":32,"column":37},"end":{"line":32,"column":null}},"27":{"start":{"line":34,"column":6},"end":{"line":34,"column":null}},"28":{"start":{"line":35,"column":6},"end":{"line":35,"column":null}},"29":{"start":{"line":38,"column":6},"end":{"line":38,"column":28}},"30":{"start":{"line":38,"column":28},"end":{"line":38,"column":null}},"31":{"start":{"line":40,"column":6},"end":{"line":40,"column":34}},"32":{"start":{"line":40,"column":34},"end":{"line":40,"column":null}},"33":{"start":{"line":42,"column":6},"end":{"line":42,"column":41}},"34":{"start":{"line":42,"column":41},"end":{"line":42,"column":null}},"35":{"start":{"line":44,"column":6},"end":{"line":44,"column":33}},"36":{"start":{"line":44,"column":33},"end":{"line":44,"column":null}},"37":{"start":{"line":46,"column":6},"end":{"line":46,"column":35}},"38":{"start":{"line":46,"column":35},"end":{"line":46,"column":null}},"39":{"start":{"line":48,"column":6},"end":{"line":48,"column":36}},"40":{"start":{"line":48,"column":36},"end":{"line":48,"column":null}},"41":{"start":{"line":50,"column":6},"end":{"line":50,"column":34}},"42":{"start":{"line":50,"column":34},"end":{"line":50,"column":null}},"43":{"start":{"line":52,"column":6},"end":{"line":52,"column":39}},"44":{"start":{"line":52,"column":39},"end":{"line":52,"column":null}},"45":{"start":{"line":54,"column":6},"end":{"line":54,"column":null}},"46":{"start":{"line":55,"column":6},"end":{"line":55,"column":null}},"47":{"start":{"line":59,"column":4},"end":{"line":65,"column":null}},"48":{"start":{"line":60,"column":6},"end":{"line":60,"column":null}},"49":{"start":{"line":63,"column":6},"end":{"line":63,"column":null}},"50":{"start":{"line":64,"column":6},"end":{"line":64,"column":null}},"51":{"start":{"line":67,"column":1},"end":{"line":67,"column":null}}},"fnMap":{"0":{"name":"(anonymous_0)","decl":{"start":{"line":18,"column":19},"end":{"line":18,"column":30}},"loc":{"start":{"line":18,"column":30},"end":{"line":67,"column":1}}}},"branchMap":{"0":{"loc":{"start":{"line":20,"column":15},"end":{"line":20,"column":41}},"type":"binary-expr","locations":[{"start":{"line":20,"column":15},"end":{"line":20,"column":35}},{"start":{"line":20,"column":39},"end":{"line":20,"column":41}}]},"1":{"loc":{"start":{"line":26,"column":4},"end":{"line":56,"column":null}},"type":"switch","locations":[{"start":{"line":27,"column":4},"end":{"line":28,"column":null}},{"start":{"line":29,"column":4},"end":{"line":30,"column":null}},{"start":{"line":31,"column":4},"end":{"line":32,"column":null}},{"start":{"line":33,"column":4},"end":{"line":35,"column":null}},{"start":{"line":36,"column":4},"end":{"line":36,"column":null}},{"start":{"line":37,"column":4},"end":{"line":38,"column":null}},{"start":{"line":39,"column":4},"end":{"line":40,"column":null}},{"start":{"line":41,"column":4},"end":{"line":42,"column":null}},{"start":{"line":43,"column":4},"end":{"line":44,"column":null}},{"start":{"line":45,"column":4},"end":{"line":46,"column":null}},{"start":{"line":47,"column":4},"end":{"line":48,"column":null}},{"start":{"line":49,"column":4},"end":{"line":50,"column":null}},{"start":{"line":51,"column":4},"end":{"line":52,"column":null}},{"start":{"line":53,"column":4},"end":{"line":55,"column":null}}]},"2":{"loc":{"start":{"line":59,"column":4},"end":{"line":65,"column":null}},"type":"if","locations":[{"start":{"line":59,"column":4},"end":{"line":65,"column":null}},{"start":{"line":62,"column":9},"end":{"line":65,"column":null}}]}},"s":{"0":0,"1":0,"2":0,"3":0,"4":0,"5":0,"6":0,"7":0,"8":0,"9":0,"10":0,"11":0,"12":0,"13":0,"14":0,"15":0,"16":0,"17":0,"18":0,"19":0,"20":0,"21":0,"22":0,"23":0,"24":0,"25":0,"26":0,"27":0,"28":0,"29":0,"30":0,"31":0,"32":0,"33":0,"34":0,"35":0,"36":0,"37":0,"38":0,"39":0,"40":0,"41":0,"42":0,"43":0,"44":0,"45":0,"46":0,"47":0,"48":0,"49":0,"50":0,"51":0},"f":{"0":0},"b":{"0":[0,0],"1":[0,0,0,0,0,0,0,0,0,0,0,0,0,0],"2":[0,0]}}
,"/Users/zane/playground/liquid-labs/cloudcraft/src/cli/lib/confirm-action.mjs": {"path":"/Users/zane/playground/liquid-labs/cloudcraft/src/cli/lib/confirm-action.mjs","statementMap":{"0":{"start":{"line":1,"column":0},"end":{"line":1,"column":null}},"1":{"start":{"line":3,"column":22},"end":{"line":31,"column":1}},"2":{"start":{"line":4,"column":2},"end":{"line":30,"column":null}},"3":{"start":{"line":5,"column":4},"end":{"line":5,"column":null}},"4":{"start":{"line":7,"column":7},"end":{"line":30,"column":null}},"5":{"start":{"line":8,"column":4},"end":{"line":8,"column":null}},"6":{"start":{"line":11,"column":32},"end":{"line":19,"column":5}},"7":{"start":{"line":20,"column":23},"end":{"line":20,"column":62}},"8":{"start":{"line":21,"column":4},"end":{"line":21,"column":null}},"9":{"start":{"line":23,"column":4},"end":{"line":23,"column":null}},"10":{"start":{"line":24,"column":4},"end":{"line":29,"column":null}},"11":{"start":{"line":25,"column":6},"end":{"line":25,"column":null}},"12":{"start":{"line":28,"column":6},"end":{"line":28,"column":null}},"13":{"start":{"line":31,"column":1},"end":{"line":31,"column":null}},"14":{"start":{"line":33,"column":26},"end":{"line":36,"column":1}},"15":{"start":{"line":34,"column":2},"end":{"line":34,"column":null}},"16":{"start":{"line":35,"column":2},"end":{"line":35,"column":null}}},"fnMap":{"0":{"name":"(anonymous_0)","decl":{"start":{"line":3,"column":22},"end":{"line":3,"column":28}},"loc":{"start":{"line":3,"column":63},"end":{"line":31,"column":1}}},"1":{"name":"(anonymous_1)","decl":{"start":{"line":33,"column":26},"end":{"line":33,"column":27}},"loc":{"start":{"line":33,"column":53},"end":{"line":36,"column":1}}}},"branchMap":{"0":{"loc":{"start":{"line":4,"column":2},"end":{"line":30,"column":null}},"type":"if","locations":[{"start":{"line":4,"column":2},"end":{"line":30,"column":null}},{"start":{"line":7,"column":7},"end":{"line":30,"column":null}}]},"1":{"loc":{"start":{"line":7,"column":7},"end":{"line":30,"column":null}},"type":"if","locations":[{"start":{"line":7,"column":7},"end":{"line":30,"column":null}},{"start":{"line":10,"column":7},"end":{"line":30,"column":null}}]},"2":{"loc":{"start":{"line":24,"column":4},"end":{"line":29,"column":null}},"type":"if","locations":[{"start":{"line":24,"column":4},"end":{"line":29,"column":null}},{"start":{"line":27,"column":9},"end":{"line":29,"column":null}}]}},"s":{"0":1,"1":1,"2":4,"3":1,"4":3,"5":1,"6":2,"7":2,"8":2,"9":2,"10":2,"11":1,"12":1,"13":1,"14":1,"15":2,"16":2},"f":{"0":4,"1":2},"b":{"0":[1,3],"1":[1,2],"2":[1,1]}}
,"/Users/zane/playground/liquid-labs/cloudcraft/src/cli/lib/constants.mjs": {"path":"/Users/zane/playground/liquid-labs/cloudcraft/src/cli/lib/constants.mjs","statementMap":{"0":{"start":{"line":1,"column":31},"end":{"line":1,"column":53}},"1":{"start":{"line":3,"column":20},"end":{"line":218,"column":1}}},"fnMap":{},"branchMap":{},"s":{"0":0,"1":0},"f":{},"b":{}}
,"/Users/zane/playground/liquid-labs/cloudcraft/src/cli/lib/handle-backups.mjs": {"path":"/Users/zane/playground/liquid-labs/cloudcraft/src/cli/lib/handle-backups.mjs","statementMap":{"0":{"start":{"line":1,"column":0},"end":{"line":1,"column":null}},"1":{"start":{"line":3,"column":0},"end":{"line":3,"column":null}},"2":{"start":{"line":4,"column":0},"end":{"line":4,"column":null}},"3":{"start":{"line":5,"column":0},"end":{"line":5,"column":null}},"4":{"start":{"line":6,"column":0},"end":{"line":6,"column":null}},"5":{"start":{"line":7,"column":0},"end":{"line":7,"column":null}},"6":{"start":{"line":9,"column":22},"end":{"line":28,"column":1}},"7":{"start":{"line":10,"column":25},"end":{"line":10,"column":80}},"8":{"start":{"line":10,"column":61},"end":{"line":10,"column":79}},"9":{"start":{"line":11,"column":28},"end":{"line":11,"column":52}},"10":{"start":{"line":12,"column":24},"end":{"line":12,"column":95}},"11":{"start":{"line":13,"column":22},"end":{"line":13,"column":35}},"12":{"start":{"line":14,"column":2},"end":{"line":14,"column":null}},"13":{"start":{"line":16,"column":2},"end":{"line":27,"column":null}},"14":{"start":{"line":18,"column":4},"end":{"line":18,"column":51}},"15":{"start":{"line":18,"column":51},"end":{"line":18,"column":null}},"16":{"start":{"line":20,"column":4},"end":{"line":20,"column":51}},"17":{"start":{"line":20,"column":51},"end":{"line":20,"column":null}},"18":{"start":{"line":22,"column":4},"end":{"line":22,"column":49}},"19":{"start":{"line":22,"column":49},"end":{"line":22,"column":null}},"20":{"start":{"line":24,"column":4},"end":{"line":24,"column":52}},"21":{"start":{"line":24,"column":52},"end":{"line":24,"column":null}},"22":{"start":{"line":26,"column":4},"end":{"line":26,"column":null}},"23":{"start":{"line":28,"column":1},"end":{"line":28,"column":null}}},"fnMap":{"0":{"name":"(anonymous_0)","decl":{"start":{"line":9,"column":22},"end":{"line":9,"column":28}},"loc":{"start":{"line":9,"column":41},"end":{"line":28,"column":1}}},"1":{"name":"(anonymous_1)","decl":{"start":{"line":10,"column":47},"end":{"line":10,"column":48}},"loc":{"start":{"line":10,"column":61},"end":{"line":10,"column":79}}}},"branchMap":{"0":{"loc":{"start":{"line":14,"column":9},"end":{"line":14,"column":37}},"type":"binary-expr","locations":[{"start":{"line":14,"column":9},"end":{"line":14,"column":31}},{"start":{"line":14,"column":35},"end":{"line":14,"column":37}}]},"1":{"loc":{"start":{"line":16,"column":2},"end":{"line":27,"column":null}},"type":"switch","locations":[{"start":{"line":17,"column":2},"end":{"line":18,"column":null}},{"start":{"line":19,"column":2},"end":{"line":20,"column":null}},{"start":{"line":21,"column":2},"end":{"line":22,"column":null}},{"start":{"line":23,"column":2},"end":{"line":24,"column":null}},{"start":{"line":25,"column":2},"end":{"line":26,"column":null}}]}},"s":{"0":0,"1":0,"2":0,"3":0,"4":0,"5":0,"6":0,"7":0,"8":0,"9":0,"10":0,"11":0,"12":0,"13":0,"14":0,"15":0,"16":0,"17":0,"18":0,"19":0,"20":0,"21":0,"22":0,"23":0},"f":{"0":0,"1":0},"b":{"0":[0,0],"1":[0,0,0,0,0]}}
,"/Users/zane/playground/liquid-labs/cloudcraft/src/cli/lib/handle-create.mjs": {"path":"/Users/zane/playground/liquid-labs/cloudcraft/src/cli/lib/handle-create.mjs","statementMap":{"0":{"start":{"line":1,"column":0},"end":{"line":1,"column":null}},"1":{"start":{"line":3,"column":0},"end":{"line":3,"column":null}},"2":{"start":{"line":4,"column":0},"end":{"line":4,"column":null}},"3":{"start":{"line":5,"column":0},"end":{"line":5,"column":null}},"4":{"start":{"line":7,"column":21},"end":{"line":29,"column":1}},"5":{"start":{"line":8,"column":28},"end":{"line":8,"column":92}},"6":{"start":{"line":8,"column":64},"end":{"line":8,"column":81}},"7":{"start":{"line":9,"column":24},"end":{"line":9,"column":68}},"8":{"start":{"line":10,"column":21},"end":{"line":10,"column":49}},"9":{"start":{"line":11,"column":21},"end":{"line":11,"column":49}},"10":{"start":{"line":13,"column":2},"end":{"line":21,"column":null}},"11":{"start":{"line":14,"column":4},"end":{"line":14,"column":null}},"12":{"start":{"line":15,"column":4},"end":{"line":15,"column":null}},"13":{"start":{"line":16,"column":4},"end":{"line":16,"column":null}},"14":{"start":{"line":18,"column":7},"end":{"line":21,"column":null}},"15":{"start":{"line":19,"column":4},"end":{"line":19,"column":null}},"16":{"start":{"line":20,"column":4},"end":{"line":20,"column":null}},"17":{"start":{"line":23,"column":2},"end":{"line":26,"column":null}},"18":{"start":{"line":24,"column":4},"end":{"line":24,"column":null}},"19":{"start":{"line":25,"column":4},"end":{"line":25,"column":null}},"20":{"start":{"line":28,"column":2},"end":{"line":28,"column":null}},"21":{"start":{"line":29,"column":1},"end":{"line":29,"column":null}}},"fnMap":{"0":{"name":"(anonymous_0)","decl":{"start":{"line":7,"column":21},"end":{"line":7,"column":27}},"loc":{"start":{"line":7,"column":40},"end":{"line":29,"column":1}}},"1":{"name":"(anonymous_1)","decl":{"start":{"line":8,"column":50},"end":{"line":8,"column":51}},"loc":{"start":{"line":8,"column":64},"end":{"line":8,"column":81}}}},"branchMap":{"0":{"loc":{"start":{"line":13,"column":2},"end":{"line":21,"column":null}},"type":"if","locations":[{"start":{"line":13,"column":2},"end":{"line":21,"column":null}},{"start":{"line":18,"column":7},"end":{"line":21,"column":null}}]},"1":{"loc":{"start":{"line":18,"column":7},"end":{"line":21,"column":null}},"type":"if","locations":[{"start":{"line":18,"column":7},"end":{"line":21,"column":null}}]},"2":{"loc":{"start":{"line":23,"column":2},"end":{"line":26,"column":null}},"type":"if","locations":[{"start":{"line":23,"column":2},"end":{"line":26,"column":null}}]},"3":{"loc":{"start":{"line":23,"column":6},"end":{"line":23,"column":74}},"type":"binary-expr","locations":[{"start":{"line":23,"column":6},"end":{"line":23,"column":30}},{"start":{"line":23,"column":34},"end":{"line":23,"column":74}}]}},"s":{"0":0,"1":0,"2":0,"3":0,"4":0,"5":0,"6":0,"7":0,"8":0,"9":0,"10":0,"11":0,"12":0,"13":0,"14":0,"15":0,"16":0,"17":0,"18":0,"19":0,"20":0,"21":0},"f":{"0":0,"1":0},"b":{"0":[0,0],"1":[0],"2":[0],"3":[0,0]}}
,"/Users/zane/playground/liquid-labs/cloudcraft/src/cli/lib/handle-destroy.mjs": {"path":"/Users/zane/playground/liquid-labs/cloudcraft/src/cli/lib/handle-destroy.mjs","statementMap":{"0":{"start":{"line":1,"column":0},"end":{"line":1,"column":null}},"1":{"start":{"line":3,"column":0},"end":{"line":3,"column":null}},"2":{"start":{"line":4,"column":0},"end":{"line":4,"column":null}},"3":{"start":{"line":5,"column":0},"end":{"line":5,"column":null}},"4":{"start":{"line":7,"column":22},"end":{"line":23,"column":1}},"5":{"start":{"line":8,"column":29},"end":{"line":8,"column":94}},"6":{"start":{"line":8,"column":65},"end":{"line":8,"column":83}},"7":{"start":{"line":9,"column":25},"end":{"line":9,"column":70}},"8":{"start":{"line":10,"column":15},"end":{"line":10,"column":44}},"9":{"start":{"line":11,"column":33},"end":{"line":11,"column":47}},"10":{"start":{"line":13,"column":2},"end":{"line":15,"column":null}},"11":{"start":{"line":14,"column":4},"end":{"line":14,"column":null}},"12":{"start":{"line":17,"column":2},"end":{"line":20,"column":null}},"13":{"start":{"line":18,"column":30},"end":{"line":18,"column":89}},"14":{"start":{"line":19,"column":4},"end":{"line":19,"column":null}},"15":{"start":{"line":22,"column":2},"end":{"line":22,"column":null}},"16":{"start":{"line":23,"column":1},"end":{"line":23,"column":null}}},"fnMap":{"0":{"name":"(anonymous_0)","decl":{"start":{"line":7,"column":22},"end":{"line":7,"column":28}},"loc":{"start":{"line":7,"column":41},"end":{"line":23,"column":1}}},"1":{"name":"(anonymous_1)","decl":{"start":{"line":8,"column":51},"end":{"line":8,"column":52}},"loc":{"start":{"line":8,"column":65},"end":{"line":8,"column":83}}}},"branchMap":{"0":{"loc":{"start":{"line":13,"column":2},"end":{"line":15,"column":null}},"type":"if","locations":[{"start":{"line":13,"column":2},"end":{"line":15,"column":null}}]},"1":{"loc":{"start":{"line":13,"column":6},"end":{"line":13,"column":40}},"type":"binary-expr","locations":[{"start":{"line":13,"column":6},"end":{"line":13,"column":24}},{"start":{"line":13,"column":28},"end":{"line":13,"column":40}}]},"2":{"loc":{"start":{"line":17,"column":2},"end":{"line":20,"column":null}},"type":"if","locations":[{"start":{"line":17,"column":2},"end":{"line":20,"column":null}}]},"3":{"loc":{"start":{"line":18,"column":30},"end":{"line":18,"column":89}},"type":"cond-expr","locations":[{"start":{"line":18,"column":45},"end":{"line":18,"column":62}},{"start":{"line":18,"column":66},"end":{"line":18,"column":89}}]}},"s":{"0":0,"1":0,"2":0,"3":0,"4":0,"5":0,"6":0,"7":0,"8":0,"9":0,"10":0,"11":0,"12":0,"13":0,"14":0,"15":0,"16":0},"f":{"0":0,"1":0},"b":{"0":[0],"1":[0,0],"2":[0],"3":[0,0]}}
,"/Users/zane/playground/liquid-labs/cloudcraft/src/cli/lib/handle-help.mjs": {"path":"/Users/zane/playground/liquid-labs/cloudcraft/src/cli/lib/handle-help.mjs","statementMap":{"0":{"start":{"line":1,"column":0},"end":{"line":1,"column":null}},"1":{"start":{"line":3,"column":0},"end":{"line":3,"column":null}},"2":{"start":{"line":5,"column":19},"end":{"line":47,"column":1}},"3":{"start":{"line":6,"column":22},"end":{"line":6,"column":29}},"4":{"start":{"line":9,"column":2},"end":{"line":43,"column":null}},"5":{"start":{"line":10,"column":4},"end":{"line":19,"column":null}},"6":{"start":{"line":18,"column":84},"end":{"line":18,"column":101}},"7":{"start":{"line":21,"column":7},"end":{"line":43,"column":null}},"8":{"start":{"line":22,"column":24},"end":{"line":22,"column":79}},"9":{"start":{"line":22,"column":60},"end":{"line":22,"column":78}},"10":{"start":{"line":23,"column":26},"end":{"line":23,"column":33}},"11":{"start":{"line":25,"column":4},"end":{"line":39,"column":null}},"12":{"start":{"line":26,"column":6},"end":{"line":35,"column":null}},"13":{"start":{"line":33,"column":69},"end":{"line":33,"column":86}},"14":{"start":{"line":38,"column":6},"end":{"line":38,"column":null}},"15":{"start":{"line":42,"column":4},"end":{"line":42,"column":null}},"16":{"start":{"line":45,"column":16},"end":{"line":45,"column":42}},"17":{"start":{"line":46,"column":2},"end":{"line":46,"column":null}},"18":{"start":{"line":47,"column":1},"end":{"line":47,"column":null}},"19":{"start":{"line":49,"column":21},"end":{"line":90,"column":1}},"20":{"start":{"line":50,"column":22},"end":{"line":50,"column":80}},"21":{"start":{"line":50,"column":63},"end":{"line":50,"column":79}},"22":{"start":{"line":52,"column":2},"end":{"line":56,"column":null}},"23":{"start":{"line":53,"column":4},"end":{"line":53,"column":null}},"24":{"start":{"line":54,"column":4},"end":{"line":54,"column":null}},"25":{"start":{"line":55,"column":4},"end":{"line":55,"column":null}},"26":{"start":{"line":58,"column":18},"end":{"line":58,"column":41}},"27":{"start":{"line":59,"column":18},"end":{"line":59,"column":45}},"28":{"start":{"line":61,"column":21},"end":{"line":61,"column":61}},"29":{"start":{"line":61,"column":40},"end":{"line":61,"column":60}},"30":{"start":{"line":62,"column":29},"end":{"line":62,"column":87}},"31":{"start":{"line":62,"column":73},"end":{"line":62,"column":86}},"32":{"start":{"line":64,"column":14},"end":{"line":64,"column":36}},"33":{"start":{"line":67,"column":2},"end":{"line":70,"column":null}},"34":{"start":{"line":68,"column":4},"end":{"line":68,"column":null}},"35":{"start":{"line":69,"column":4},"end":{"line":69,"column":null}},"36":{"start":{"line":72,"column":2},"end":{"line":74,"column":null}},"37":{"start":{"line":73,"column":4},"end":{"line":73,"column":null}},"38":{"start":{"line":76,"column":2},"end":{"line":79,"column":null}},"39":{"start":{"line":77,"column":31},"end":{"line":77,"column":48}},"40":{"start":{"line":78,"column":4},"end":{"line":78,"column":null}},"41":{"start":{"line":81,"column":19},"end":{"line":81,"column":70}},"42":{"start":{"line":82,"column":2},"end":{"line":84,"column":null}},"43":{"start":{"line":83,"column":4},"end":{"line":83,"column":null}},"44":{"start":{"line":85,"column":2},"end":{"line":87,"column":null}},"45":{"start":{"line":86,"column":4},"end":{"line":86,"column":null}},"46":{"start":{"line":89,"column":2},"end":{"line":89,"column":null}}},"fnMap":{"0":{"name":"(anonymous_0)","decl":{"start":{"line":5,"column":19},"end":{"line":5,"column":20}},"loc":{"start":{"line":5,"column":33},"end":{"line":47,"column":1}}},"1":{"name":"(anonymous_1)","decl":{"start":{"line":18,"column":60},"end":{"line":18,"column":61}},"loc":{"start":{"line":18,"column":84},"end":{"line":18,"column":101}}},"2":{"name":"(anonymous_2)","decl":{"start":{"line":22,"column":46},"end":{"line":22,"column":47}},"loc":{"start":{"line":22,"column":60},"end":{"line":22,"column":78}}},"3":{"name":"(anonymous_3)","decl":{"start":{"line":33,"column":45},"end":{"line":33,"column":46}},"loc":{"start":{"line":33,"column":69},"end":{"line":33,"column":86}}},"4":{"name":"(anonymous_4)","decl":{"start":{"line":49,"column":21},"end":{"line":49,"column":22}},"loc":{"start":{"line":49,"column":70},"end":{"line":90,"column":1}}},"5":{"name":"(anonymous_5)","decl":{"start":{"line":50,"column":49},"end":{"line":50,"column":50}},"loc":{"start":{"line":50,"column":63},"end":{"line":50,"column":79}}},"6":{"name":"(anonymous_6)","decl":{"start":{"line":61,"column":34},"end":{"line":61,"column":35}},"loc":{"start":{"line":61,"column":40},"end":{"line":61,"column":60}}},"7":{"name":"(anonymous_7)","decl":{"start":{"line":62,"column":50},"end":{"line":62,"column":51}},"loc":{"start":{"line":62,"column":73},"end":{"line":62,"column":86}}}},"branchMap":{"0":{"loc":{"start":{"line":9,"column":2},"end":{"line":43,"column":null}},"type":"if","locations":[{"start":{"line":9,"column":2},"end":{"line":43,"column":null}},{"start":{"line":21,"column":7},"end":{"line":43,"column":null}}]},"1":{"loc":{"start":{"line":21,"column":7},"end":{"line":43,"column":null}},"type":"if","locations":[{"start":{"line":21,"column":7},"end":{"line":43,"column":null}},{"start":{"line":41,"column":7},"end":{"line":43,"column":null}}]},"2":{"loc":{"start":{"line":25,"column":4},"end":{"line":39,"column":null}},"type":"if","locations":[{"start":{"line":25,"column":4},"end":{"line":39,"column":null}},{"start":{"line":37,"column":9},"end":{"line":39,"column":null}}]},"3":{"loc":{"start":{"line":49,"column":33},"end":{"line":49,"column":55}},"type":"default-arg","locations":[{"start":{"line":49,"column":48},"end":{"line":49,"column":55}}]},"4":{"loc":{"start":{"line":52,"column":2},"end":{"line":56,"column":null}},"type":"if","locations":[{"start":{"line":52,"column":2},"end":{"line":56,"column":null}}]},"5":{"loc":{"start":{"line":59,"column":18},"end":{"line":59,"column":45}},"type":"binary-expr","locations":[{"start":{"line":59,"column":18},"end":{"line":59,"column":39}},{"start":{"line":59,"column":43},"end":{"line":59,"column":45}}]},"6":{"loc":{"start":{"line":67,"column":2},"end":{"line":70,"column":null}},"type":"if","locations":[{"start":{"line":67,"column":2},"end":{"line":70,"column":null}}]},"7":{"loc":{"start":{"line":72,"column":2},"end":{"line":74,"column":null}},"type":"if","locations":[{"start":{"line":72,"column":2},"end":{"line":74,"column":null}}]},"8":{"loc":{"start":{"line":76,"column":2},"end":{"line":79,"column":null}},"type":"if","locations":[{"start":{"line":76,"column":2},"end":{"line":79,"column":null}}]},"9":{"loc":{"start":{"line":78,"column":13},"end":{"line":78,"column":60}},"type":"cond-expr","locations":[{"start":{"line":78,"column":34},"end":{"line":78,"column":45}},{"start":{"line":78,"column":49},"end":{"line":78,"column":60}}]},"10":{"loc":{"start":{"line":82,"column":2},"end":{"line":84,"column":null}},"type":"if","locations":[{"start":{"line":82,"column":2},"end":{"line":84,"column":null}}]},"11":{"loc":{"start":{"line":85,"column":2},"end":{"line":87,"column":null}},"type":"if","locations":[{"start":{"line":85,"column":2},"end":{"line":87,"column":null}}]}},"s":{"0":0,"1":0,"2":0,"3":0,"4":0,"5":0,"6":0,"7":0,"8":0,"9":0,"10":0,"11":0,"12":0,"13":0,"14":0,"15":0,"16":0,"17":0,"18":0,"19":0,"20":0,"21":0,"22":0,"23":0,"24":0,"25":0,"26":0,"27":0,"28":0,"29":0,"30":0,"31":0,"32":0,"33":0,"34":0,"35":0,"36":0,"37":0,"38":0,"39":0,"40":0,"41":0,"42":0,"43":0,"44":0,"45":0,"46":0},"f":{"0":0,"1":0,"2":0,"3":0,"4":0,"5":0,"6":0,"7":0},"b":{"0":[0,0],"1":[0,0],"2":[0,0],"3":[0],"4":[0],"5":[0,0],"6":[0],"7":[0],"8":[0],"9":[0,0],"10":[0],"11":[0]}}
,"/Users/zane/playground/liquid-labs/cloudcraft/src/cli/lib/handle-info.mjs": {"path":"/Users/zane/playground/liquid-labs/cloudcraft/src/cli/lib/handle-info.mjs","statementMap":{"0":{"start":{"line":1,"column":0},"end":{"line":1,"column":null}},"1":{"start":{"line":3,"column":0},"end":{"line":3,"column":null}},"2":{"start":{"line":4,"column":0},"end":{"line":4,"column":null}},"3":{"start":{"line":6,"column":19},"end":{"line":15,"column":1}},"4":{"start":{"line":7,"column":26},"end":{"line":7,"column":88}},"5":{"start":{"line":7,"column":62},"end":{"line":7,"column":77}},"6":{"start":{"line":8,"column":22},"end":{"line":8,"column":64}},"7":{"start":{"line":9,"column":21},"end":{"line":9,"column":47}},"8":{"start":{"line":10,"column":22},"end":{"line":10,"column":33}},"9":{"start":{"line":12,"column":20},"end":{"line":12,"column":88}},"10":{"start":{"line":12,"column":64},"end":{"line":12,"column":87}},"11":{"start":{"line":14,"column":2},"end":{"line":14,"column":null}},"12":{"start":{"line":15,"column":1},"end":{"line":15,"column":null}}},"fnMap":{"0":{"name":"(anonymous_0)","decl":{"start":{"line":6,"column":19},"end":{"line":6,"column":25}},"loc":{"start":{"line":6,"column":38},"end":{"line":15,"column":1}}},"1":{"name":"(anonymous_1)","decl":{"start":{"line":7,"column":48},"end":{"line":7,"column":49}},"loc":{"start":{"line":7,"column":62},"end":{"line":7,"column":77}}},"2":{"name":"(anonymous_2)","decl":{"start":{"line":12,"column":58},"end":{"line":12,"column":59}},"loc":{"start":{"line":12,"column":64},"end":{"line":12,"column":87}}}},"branchMap":{"0":{"loc":{"start":{"line":12,"column":20},"end":{"line":12,"column":88}},"type":"cond-expr","locations":[{"start":{"line":12,"column":51},"end":{"line":12,"column":53}},{"start":{"line":12,"column":23},"end":{"line":12,"column":88}}]},"1":{"loc":{"start":{"line":12,"column":20},"end":{"line":12,"column":53}},"type":"binary-expr","locations":[{"start":{"line":12,"column":20},"end":{"line":12,"column":53}},{"start":{"line":12,"column":51},"end":{"line":12,"column":53}}]}},"s":{"0":0,"1":0,"2":0,"3":0,"4":0,"5":0,"6":0,"7":0,"8":0,"9":0,"10":0,"11":0,"12":0},"f":{"0":0,"1":0,"2":0},"b":{"0":[0,0],"1":[0,0]}}
,"/Users/zane/playground/liquid-labs/cloudcraft/src/cli/lib/handle-list.mjs": {"path":"/Users/zane/playground/liquid-labs/cloudcraft/src/cli/lib/handle-list.mjs","statementMap":{"0":{"start":{"line":1,"column":0},"end":{"line":1,"column":null}},"1":{"start":{"line":3,"column":19},"end":{"line":5,"column":1}},"2":{"start":{"line":4,"column":2},"end":{"line":4,"column":null}},"3":{"start":{"line":5,"column":1},"end":{"line":5,"column":null}}},"fnMap":{"0":{"name":"(anonymous_0)","decl":{"start":{"line":3,"column":19},"end":{"line":3,"column":25}},"loc":{"start":{"line":3,"column":45},"end":{"line":5,"column":1}}}},"branchMap":{},"s":{"0":0,"1":0,"2":0,"3":0},"f":{"0":0},"b":{}}
,"/Users/zane/playground/liquid-labs/cloudcraft/src/cli/lib/handle-ssh.mjs": {"path":"/Users/zane/playground/liquid-labs/cloudcraft/src/cli/lib/handle-ssh.mjs","statementMap":{"0":{"start":{"line":1,"column":0},"end":{"line":1,"column":null}},"1":{"start":{"line":3,"column":0},"end":{"line":3,"column":null}},"2":{"start":{"line":4,"column":0},"end":{"line":4,"column":null}},"3":{"start":{"line":6,"column":18},"end":{"line":14,"column":1}},"4":{"start":{"line":7,"column":25},"end":{"line":7,"column":86}},"5":{"start":{"line":7,"column":61},"end":{"line":7,"column":75}},"6":{"start":{"line":8,"column":21},"end":{"line":8,"column":62}},"7":{"start":{"line":9,"column":15},"end":{"line":9,"column":40}},"8":{"start":{"line":10,"column":19},"end":{"line":10,"column":42}},"9":{"start":{"line":11,"column":22},"end":{"line":11,"column":32}},"10":{"start":{"line":13,"column":2},"end":{"line":13,"column":null}},"11":{"start":{"line":14,"column":1},"end":{"line":14,"column":null}}},"fnMap":{"0":{"name":"(anonymous_0)","decl":{"start":{"line":6,"column":18},"end":{"line":6,"column":24}},"loc":{"start":{"line":6,"column":37},"end":{"line":14,"column":1}}},"1":{"name":"(anonymous_1)","decl":{"start":{"line":7,"column":47},"end":{"line":7,"column":48}},"loc":{"start":{"line":7,"column":61},"end":{"line":7,"column":75}}}},"branchMap":{},"s":{"0":0,"1":0,"2":0,"3":0,"4":0,"5":0,"6":0,"7":0,"8":0,"9":0,"10":0,"11":0},"f":{"0":0,"1":0},"b":{}}
,"/Users/zane/playground/liquid-labs/cloudcraft/src/cli/lib/handle-start.mjs": {"path":"/Users/zane/playground/liquid-labs/cloudcraft/src/cli/lib/handle-start.mjs","statementMap":{"0":{"start":{"line":1,"column":0},"end":{"line":1,"column":null}},"1":{"start":{"line":3,"column":0},"end":{"line":3,"column":null}},"2":{"start":{"line":4,"column":0},"end":{"line":4,"column":null}},"3":{"start":{"line":6,"column":20},"end":{"line":13,"column":1}},"4":{"start":{"line":7,"column":27},"end":{"line":7,"column":90}},"5":{"start":{"line":7,"column":63},"end":{"line":7,"column":79}},"6":{"start":{"line":8,"column":23},"end":{"line":8,"column":66}},"7":{"start":{"line":9,"column":15},"end":{"line":9,"column":42}},"8":{"start":{"line":10,"column":22},"end":{"line":10,"column":34}},"9":{"start":{"line":12,"column":2},"end":{"line":12,"column":null}},"10":{"start":{"line":13,"column":1},"end":{"line":13,"column":null}}},"fnMap":{"0":{"name":"(anonymous_0)","decl":{"start":{"line":6,"column":20},"end":{"line":6,"column":26}},"loc":{"start":{"line":6,"column":39},"end":{"line":13,"column":1}}},"1":{"name":"(anonymous_1)","decl":{"start":{"line":7,"column":49},"end":{"line":7,"column":50}},"loc":{"start":{"line":7,"column":63},"end":{"line":7,"column":79}}}},"branchMap":{},"s":{"0":0,"1":0,"2":0,"3":0,"4":0,"5":0,"6":0,"7":0,"8":0,"9":0,"10":0},"f":{"0":0,"1":0},"b":{}}
,"/Users/zane/playground/liquid-labs/cloudcraft/src/cli/lib/handle-status.mjs": {"path":"/Users/zane/playground/liquid-labs/cloudcraft/src/cli/lib/handle-status.mjs","statementMap":{"0":{"start":{"line":1,"column":0},"end":{"line":1,"column":null}},"1":{"start":{"line":3,"column":0},"end":{"line":3,"column":null}},"2":{"start":{"line":4,"column":0},"end":{"line":4,"column":null}},"3":{"start":{"line":6,"column":21},"end":{"line":18,"column":1}},"4":{"start":{"line":7,"column":28},"end":{"line":7,"column":92}},"5":{"start":{"line":7,"column":64},"end":{"line":7,"column":81}},"6":{"start":{"line":8,"column":24},"end":{"line":8,"column":68}},"7":{"start":{"line":9,"column":15},"end":{"line":9,"column":43}},"8":{"start":{"line":10,"column":17},"end":{"line":10,"column":41}},"9":{"start":{"line":11,"column":22},"end":{"line":11,"column":35}},"10":{"start":{"line":13,"column":2},"end":{"line":15,"column":null}},"11":{"start":{"line":14,"column":4},"end":{"line":14,"column":null}},"12":{"start":{"line":17,"column":2},"end":{"line":17,"column":null}},"13":{"start":{"line":18,"column":1},"end":{"line":18,"column":null}}},"fnMap":{"0":{"name":"(anonymous_0)","decl":{"start":{"line":6,"column":21},"end":{"line":6,"column":27}},"loc":{"start":{"line":6,"column":40},"end":{"line":18,"column":1}}},"1":{"name":"(anonymous_1)","decl":{"start":{"line":7,"column":50},"end":{"line":7,"column":51}},"loc":{"start":{"line":7,"column":64},"end":{"line":7,"column":81}}}},"branchMap":{"0":{"loc":{"start":{"line":13,"column":2},"end":{"line":15,"column":null}},"type":"if","locations":[{"start":{"line":13,"column":2},"end":{"line":15,"column":null}}]}},"s":{"0":0,"1":0,"2":0,"3":0,"4":0,"5":0,"6":0,"7":0,"8":0,"9":0,"10":0,"11":0,"12":0,"13":0},"f":{"0":0,"1":0},"b":{"0":[0]}}
,"/Users/zane/playground/liquid-labs/cloudcraft/src/cli/lib/handle-stop.mjs": {"path":"/Users/zane/playground/liquid-labs/cloudcraft/src/cli/lib/handle-stop.mjs","statementMap":{"0":{"start":{"line":1,"column":0},"end":{"line":1,"column":null}},"1":{"start":{"line":3,"column":0},"end":{"line":3,"column":null}},"2":{"start":{"line":4,"column":0},"end":{"line":4,"column":null}},"3":{"start":{"line":6,"column":19},"end":{"line":13,"column":1}},"4":{"start":{"line":7,"column":26},"end":{"line":7,"column":88}},"5":{"start":{"line":7,"column":62},"end":{"line":7,"column":77}},"6":{"start":{"line":8,"column":22},"end":{"line":8,"column":64}},"7":{"start":{"line":9,"column":15},"end":{"line":9,"column":41}},"8":{"start":{"line":10,"column":22},"end":{"line":10,"column":33}},"9":{"start":{"line":12,"column":2},"end":{"line":12,"column":null}},"10":{"start":{"line":13,"column":1},"end":{"line":13,"column":null}}},"fnMap":{"0":{"name":"(anonymous_0)","decl":{"start":{"line":6,"column":19},"end":{"line":6,"column":25}},"loc":{"start":{"line":6,"column":38},"end":{"line":13,"column":1}}},"1":{"name":"(anonymous_1)","decl":{"start":{"line":7,"column":48},"end":{"line":7,"column":49}},"loc":{"start":{"line":7,"column":62},"end":{"line":7,"column":77}}}},"branchMap":{},"s":{"0":0,"1":0,"2":0,"3":0,"4":0,"5":0,"6":0,"7":0,"8":0,"9":0,"10":0},"f":{"0":0,"1":0},"b":{}}
,"/Users/zane/playground/liquid-labs/cloudcraft/src/cli/lib/handle-terraform.mjs": {"path":"/Users/zane/playground/liquid-labs/cloudcraft/src/cli/lib/handle-terraform.mjs","statementMap":{"0":{"start":{"line":1,"column":0},"end":{"line":1,"column":null}},"1":{"start":{"line":3,"column":0},"end":{"line":3,"column":null}},"2":{"start":{"line":5,"column":24},"end":{"line":8,"column":1}},"3":{"start":{"line":6,"column":18},"end":{"line":6,"column":47}},"4":{"start":{"line":7,"column":2},"end":{"line":7,"column":null}},"5":{"start":{"line":8,"column":1},"end":{"line":8,"column":null}}},"fnMap":{"0":{"name":"(anonymous_0)","decl":{"start":{"line":5,"column":24},"end":{"line":5,"column":30}},"loc":{"start":{"line":5,"column":43},"end":{"line":8,"column":1}}}},"branchMap":{},"s":{"0":0,"1":0,"2":0,"3":0,"4":0,"5":0},"f":{"0":0},"b":{}}
,"/Users/zane/playground/liquid-labs/cloudcraft/src/cli/lib/backups/handle-backups-create.mjs": {"path":"/Users/zane/playground/liquid-labs/cloudcraft/src/cli/lib/backups/handle-backups-create.mjs","statementMap":{"0":{"start":{"line":1,"column":0},"end":{"line":1,"column":null}},"1":{"start":{"line":3,"column":0},"end":{"line":3,"column":null}},"2":{"start":{"line":5,"column":28},"end":{"line":11,"column":1}},"3":{"start":{"line":6,"column":28},"end":{"line":6,"column":99}},"4":{"start":{"line":6,"column":71},"end":{"line":6,"column":88}},"5":{"start":{"line":7,"column":24},"end":{"line":7,"column":68}},"6":{"start":{"line":8,"column":15},"end":{"line":8,"column":43}},"7":{"start":{"line":10,"column":2},"end":{"line":10,"column":null}},"8":{"start":{"line":11,"column":1},"end":{"line":11,"column":null}}},"fnMap":{"0":{"name":"(anonymous_0)","decl":{"start":{"line":5,"column":28},"end":{"line":5,"column":34}},"loc":{"start":{"line":5,"column":63},"end":{"line":11,"column":1}}},"1":{"name":"(anonymous_1)","decl":{"start":{"line":6,"column":57},"end":{"line":6,"column":58}},"loc":{"start":{"line":6,"column":71},"end":{"line":6,"column":88}}}},"branchMap":{},"s":{"0":0,"1":0,"2":0,"3":0,"4":0,"5":0,"6":0,"7":0,"8":0},"f":{"0":0,"1":0},"b":{}}
,"/Users/zane/playground/liquid-labs/cloudcraft/src/cli/lib/backups/handle-backups-delete.mjs": {"path":"/Users/zane/playground/liquid-labs/cloudcraft/src/cli/lib/backups/handle-backups-delete.mjs","statementMap":{"0":{"start":{"line":1,"column":0},"end":{"line":1,"column":null}},"1":{"start":{"line":3,"column":0},"end":{"line":3,"column":null}},"2":{"start":{"line":4,"column":0},"end":{"line":4,"column":null}},"3":{"start":{"line":5,"column":0},"end":{"line":5,"column":null}},"4":{"start":{"line":7,"column":28},"end":{"line":22,"column":1}},"5":{"start":{"line":8,"column":28},"end":{"line":8,"column":99}},"6":{"start":{"line":8,"column":71},"end":{"line":8,"column":88}},"7":{"start":{"line":9,"column":24},"end":{"line":9,"column":68}},"8":{"start":{"line":10,"column":22},"end":{"line":10,"column":51}},"9":{"start":{"line":11,"column":22},"end":{"line":11,"column":35}},"10":{"start":{"line":13,"column":24},"end":{"line":13,"column":79}},"11":{"start":{"line":15,"column":2},"end":{"line":19,"column":null}},"12":{"start":{"line":17,"column":44},"end":{"line":17,"column":52}},"13":{"start":{"line":21,"column":2},"end":{"line":21,"column":null}},"14":{"start":{"line":22,"column":1},"end":{"line":22,"column":null}}},"fnMap":{"0":{"name":"(anonymous_0)","decl":{"start":{"line":7,"column":28},"end":{"line":7,"column":34}},"loc":{"start":{"line":7,"column":63},"end":{"line":22,"column":1}}},"1":{"name":"(anonymous_1)","decl":{"start":{"line":8,"column":57},"end":{"line":8,"column":58}},"loc":{"start":{"line":8,"column":71},"end":{"line":8,"column":88}}},"2":{"name":"(anonymous_2)","decl":{"start":{"line":17,"column":26},"end":{"line":17,"column":27}},"loc":{"start":{"line":17,"column":44},"end":{"line":17,"column":52}}}},"branchMap":{"0":{"loc":{"start":{"line":16,"column":45},"end":{"line":16,"column":81}},"type":"cond-expr","locations":[{"start":{"line":16,"column":72},"end":{"line":16,"column":75}},{"start":{"line":16,"column":78},"end":{"line":16,"column":81}}]}},"s":{"0":0,"1":0,"2":0,"3":0,"4":0,"5":0,"6":0,"7":0,"8":0,"9":0,"10":0,"11":0,"12":0,"13":0,"14":0},"f":{"0":0,"1":0,"2":0},"b":{"0":[0,0]}}
,"/Users/zane/playground/liquid-labs/cloudcraft/src/cli/lib/backups/handle-backups-list.mjs": {"path":"/Users/zane/playground/liquid-labs/cloudcraft/src/cli/lib/backups/handle-backups-list.mjs","statementMap":{"0":{"start":{"line":1,"column":0},"end":{"line":1,"column":null}},"1":{"start":{"line":3,"column":0},"end":{"line":3,"column":null}},"2":{"start":{"line":5,"column":26},"end":{"line":11,"column":1}},"3":{"start":{"line":6,"column":26},"end":{"line":6,"column":95}},"4":{"start":{"line":6,"column":69},"end":{"line":6,"column":84}},"5":{"start":{"line":7,"column":22},"end":{"line":7,"column":64}},"6":{"start":{"line":8,"column":21},"end":{"line":8,"column":32}},"7":{"start":{"line":10,"column":2},"end":{"line":10,"column":null}},"8":{"start":{"line":11,"column":1},"end":{"line":11,"column":null}}},"fnMap":{"0":{"name":"(anonymous_0)","decl":{"start":{"line":5,"column":26},"end":{"line":5,"column":32}},"loc":{"start":{"line":5,"column":61},"end":{"line":11,"column":1}}},"1":{"name":"(anonymous_1)","decl":{"start":{"line":6,"column":55},"end":{"line":6,"column":56}},"loc":{"start":{"line":6,"column":69},"end":{"line":6,"column":84}}}},"branchMap":{},"s":{"0":0,"1":0,"2":0,"3":0,"4":0,"5":0,"6":0,"7":0,"8":0},"f":{"0":0,"1":0},"b":{}}
,"/Users/zane/playground/liquid-labs/cloudcraft/src/cli/lib/backups/handle-backups-restore.mjs": {"path":"/Users/zane/playground/liquid-labs/cloudcraft/src/cli/lib/backups/handle-backups-restore.mjs","statementMap":{"0":{"start":{"line":1,"column":0},"end":{"line":1,"column":null}},"1":{"start":{"line":3,"column":0},"end":{"line":3,"column":null}},"2":{"start":{"line":4,"column":0},"end":{"line":4,"column":null}},"3":{"start":{"line":5,"column":0},"end":{"line":5,"column":null}},"4":{"start":{"line":7,"column":29},"end":{"line":30,"column":1}},"5":{"start":{"line":8,"column":29},"end":{"line":8,"column":101}},"6":{"start":{"line":8,"column":72},"end":{"line":8,"column":90}},"7":{"start":{"line":9,"column":25},"end":{"line":9,"column":70}},"8":{"start":{"line":10,"column":21},"end":{"line":10,"column":50}},"9":{"start":{"line":11,"column":22},"end":{"line":11,"column":36}},"10":{"start":{"line":12,"column":19},"end":{"line":12,"column":33}},"11":{"start":{"line":14,"column":22},"end":{"line":14,"column":73}},"12":{"start":{"line":16,"column":24},"end":{"line":16,"column":80}},"13":{"start":{"line":17,"column":2},"end":{"line":19,"column":null}},"14":{"start":{"line":18,"column":4},"end":{"line":18,"column":null}},"15":{"start":{"line":20,"column":22},"end":{"line":20,"column":38}},"16":{"start":{"line":22,"column":2},"end":{"line":25,"column":null}},"17":{"start":{"line":23,"column":4},"end":{"line":23,"column":null}},"18":{"start":{"line":27,"column":2},"end":{"line":27,"column":null}},"19":{"start":{"line":29,"column":2},"end":{"line":29,"column":null}},"20":{"start":{"line":30,"column":1},"end":{"line":30,"column":null}}},"fnMap":{"0":{"name":"(anonymous_0)","decl":{"start":{"line":7,"column":29},"end":{"line":7,"column":35}},"loc":{"start":{"line":7,"column":64},"end":{"line":30,"column":1}}},"1":{"name":"(anonymous_1)","decl":{"start":{"line":8,"column":58},"end":{"line":8,"column":59}},"loc":{"start":{"line":8,"column":72},"end":{"line":8,"column":90}}}},"branchMap":{"0":{"loc":{"start":{"line":14,"column":22},"end":{"line":14,"column":73}},"type":"cond-expr","locations":[{"start":{"line":14,"column":49},"end":{"line":14,"column":58}},{"start":{"line":14,"column":61},"end":{"line":14,"column":73}}]},"1":{"loc":{"start":{"line":17,"column":2},"end":{"line":19,"column":null}},"type":"if","locations":[{"start":{"line":17,"column":2},"end":{"line":19,"column":null}}]},"2":{"loc":{"start":{"line":22,"column":2},"end":{"line":25,"column":null}},"type":"if","locations":[{"start":{"line":22,"column":2},"end":{"line":25,"column":null}}]}},"s":{"0":0,"1":0,"2":0,"3":0,"4":0,"5":0,"6":0,"7":0,"8":0,"9":0,"10":0,"11":0,"12":0,"13":0,"14":0,"15":0,"16":0,"17":0,"18":0,"19":0,"20":0},"f":{"0":0,"1":0},"b":{"0":[0,0],"1":[0],"2":[0]}}
,"/Users/zane/playground/liquid-labs/cloudcraft/src/cli/lib/backups/select-backups.mjs": {"path":"/Users/zane/playground/liquid-labs/cloudcraft/src/cli/lib/backups/select-backups.mjs","statementMap":{"0":{"start":{"line":1,"column":0},"end":{"line":1,"column":null}},"1":{"start":{"line":3,"column":0},"end":{"line":3,"column":null}},"2":{"start":{"line":5,"column":22},"end":{"line":37,"column":1}},"3":{"start":{"line":6,"column":24},"end":{"line":6,"column":46}},"4":{"start":{"line":8,"column":2},"end":{"line":26,"column":null}},"5":{"start":{"line":9,"column":32},"end":{"line":18,"column":5}},"6":{"start":{"line":15,"column":58},"end":{"line":15,"column":66}},"7":{"start":{"line":19,"column":23},"end":{"line":19,"column":62}},"8":{"start":{"line":20,"column":4},"end":{"line":20,"column":null}},"9":{"start":{"line":22,"column":4},"end":{"line":22,"column":null}},"10":{"start":{"line":23,"column":4},"end":{"line":25,"column":null}},"11":{"start":{"line":24,"column":6},"end":{"line":24,"column":null}},"12":{"start":{"line":28,"column":26},"end":{"line":34,"column":4}},"13":{"start":{"line":29,"column":18},"end":{"line":29,"column":87}},"14":{"start":{"line":29,"column":65},"end":{"line":29,"column":86}},"15":{"start":{"line":30,"column":4},"end":{"line":32,"column":null}},"16":{"start":{"line":31,"column":6},"end":{"line":31,"column":null}},"17":{"start":{"line":33,"column":4},"end":{"line":33,"column":null}},"18":{"start":{"line":36,"column":2},"end":{"line":36,"column":null}},"19":{"start":{"line":37,"column":1},"end":{"line":37,"column":null}}},"fnMap":{"0":{"name":"(anonymous_0)","decl":{"start":{"line":5,"column":22},"end":{"line":5,"column":28}},"loc":{"start":{"line":5,"column":73},"end":{"line":37,"column":1}}},"1":{"name":"(anonymous_1)","decl":{"start":{"line":15,"column":40},"end":{"line":15,"column":41}},"loc":{"start":{"line":15,"column":58},"end":{"line":15,"column":66}}},"2":{"name":"(anonymous_2)","decl":{"start":{"line":28,"column":43},"end":{"line":28,"column":51}},"loc":{"start":{"line":28,"column":56},"end":{"line":34,"column":3}}},"3":{"name":"(anonymous_3)","decl":{"start":{"line":29,"column":37},"end":{"line":29,"column":38}},"loc":{"start":{"line":29,"column":65},"end":{"line":29,"column":86}}}},"branchMap":{"0":{"loc":{"start":{"line":5,"column":28},"end":{"line":5,"column":68}},"type":"default-arg","locations":[{"start":{"line":5,"column":66},"end":{"line":5,"column":68}}]},"1":{"loc":{"start":{"line":5,"column":43},"end":{"line":5,"column":62}},"type":"default-arg","locations":[{"start":{"line":5,"column":56},"end":{"line":5,"column":62}}]},"2":{"loc":{"start":{"line":8,"column":2},"end":{"line":26,"column":null}},"type":"if","locations":[{"start":{"line":8,"column":2},"end":{"line":26,"column":null}}]},"3":{"loc":{"start":{"line":8,"column":6},"end":{"line":8,"column":59}},"type":"binary-expr","locations":[{"start":{"line":8,"column":6},"end":{"line":8,"column":31}},{"start":{"line":8,"column":35},"end":{"line":8,"column":59}}]},"4":{"loc":{"start":{"line":23,"column":4},"end":{"line":25,"column":null}},"type":"if","locations":[{"start":{"line":23,"column":4},"end":{"line":25,"column":null}}]},"5":{"loc":{"start":{"line":30,"column":4},"end":{"line":32,"column":null}},"type":"if","locations":[{"start":{"line":30,"column":4},"end":{"line":32,"column":null}}]}},"s":{"0":0,"1":0,"2":0,"3":0,"4":0,"5":0,"6":0,"7":0,"8":0,"9":0,"10":0,"11":0,"12":0,"13":0,"14":0,"15":0,"16":0,"17":0,"18":0,"19":0},"f":{"0":0,"1":0,"2":0,"3":0},"b":{"0":[0],"1":[0],"2":[0],"3":[0,0],"4":[0],"5":[0]}}
,"/Users/zane/playground/liquid-labs/cloudcraft/src/lib/constants.mjs": {"path":"/Users/zane/playground/liquid-labs/cloudcraft/src/lib/constants.mjs","statementMap":{"0":{"start":{"line":1,"column":0},"end":{"line":1,"column":35}},"1":{"start":{"line":1,"column":35},"end":{"line":1,"column":null}},"2":{"start":{"line":3,"column":23},"end":{"line":3,"column":99}}},"fnMap":{"0":{"name":"_getRequireWildcardCache","decl":{"start":{"line":1,"column":35},"end":{"line":1,"column":null}},"loc":{"start":{"line":1,"column":35},"end":{"line":1,"column":null}}}},"branchMap":{"0":{"loc":{"start":{"line":1,"column":35},"end":{"line":1,"column":null}},"type":"if","locations":[{"start":{"line":1,"column":35},"end":{"line":1,"column":null}}]},"1":{"loc":{"start":{"line":1,"column":35},"end":{"line":1,"column":null}},"type":"cond-expr","locations":[{"start":{"line":1,"column":35},"end":{"line":1,"column":null}},{"start":{"line":1,"column":35},"end":{"line":1,"column":null}}]},"2":{"loc":{"start":{"line":1,"column":35},"end":{"line":1,"column":null}},"type":"binary-expr","locations":[{"start":{"line":1,"column":35},"end":{"line":1,"column":null}},{"start":{"line":1,"column":35},"end":{"line":1,"column":null}},{"start":{"line":1,"column":35},"end":{"line":1,"column":null}}]}},"s":{"0":0,"1":0,"2":0},"f":{"0":0},"b":{"0":[0],"1":[0,0],"2":[0,0,0]}}
,"/Users/zane/playground/liquid-labs/cloudcraft/src/lib/actions/create.mjs": {"path":"/Users/zane/playground/liquid-labs/cloudcraft/src/lib/actions/create.mjs","statementMap":{"0":{"start":{"line":1,"column":0},"end":{"line":1,"column":null}},"1":{"start":{"line":2,"column":0},"end":{"line":2,"column":null}},"2":{"start":{"line":4,"column":0},"end":{"line":4,"column":null}},"3":{"start":{"line":6,"column":0},"end":{"line":6,"column":null}},"4":{"start":{"line":8,"column":15},"end":{"line":68,"column":1}},"5":{"start":{"line":9,"column":12},"end":{"line":9,"column":21}},"6":{"start":{"line":16,"column":17},"end":{"line":16,"column":34}},"7":{"start":{"line":19,"column":2},"end":{"line":19,"column":null}},"8":{"start":{"line":22,"column":2},"end":{"line":22,"column":null}},"9":{"start":{"line":25,"column":18},"end":{"line":25,"column":38}},"10":{"start":{"line":26,"column":2},"end":{"line":28,"column":null}},"11":{"start":{"line":27,"column":4},"end":{"line":27,"column":null}},"12":{"start":{"line":30,"column":19},"end":{"line":30,"column":26}},"13":{"start":{"line":31,"column":17},"end":{"line":31,"column":18}},"14":{"start":{"line":32,"column":17},"end":{"line":32,"column":19}},"15":{"start":{"line":33,"column":21},"end":{"line":33,"column":43}},"16":{"start":{"line":34,"column":16},"end":{"line":34,"column":52}},"17":{"start":{"line":35,"column":2},"end":{"line":47,"column":null}},"18":{"start":{"line":35,"column":46},"end":{"line":35,"column":69}},"19":{"start":{"line":36,"column":4},"end":{"line":45,"column":null}},"20":{"start":{"line":37,"column":6},"end":{"line":37,"column":null}},"21":{"start":{"line":38,"column":6},"end":{"line":38,"column":null}},"22":{"start":{"line":39,"column":6},"end":{"line":41,"column":null}},"23":{"start":{"line":40,"column":8},"end":{"line":40,"column":null}},"24":{"start":{"line":44,"column":6},"end":{"line":44,"column":null}},"25":{"start":{"line":46,"column":4},"end":{"line":46,"column":null}},"26":{"start":{"line":48,"column":21},"end":{"line":48,"column":28}},"27":{"start":{"line":50,"column":2},"end":{"line":57,"column":null}},"28":{"start":{"line":59,"column":2},"end":{"line":59,"column":null}},"29":{"start":{"line":61,"column":2},"end":{"line":65,"column":null}},"30":{"start":{"line":67,"column":2},"end":{"line":67,"column":null}},"31":{"start":{"line":68,"column":1},"end":{"line":68,"column":null}}},"fnMap":{"0":{"name":"(anonymous_0)","decl":{"start":{"line":8,"column":15},"end":{"line":8,"column":21}},"loc":{"start":{"line":15,"column":6},"end":{"line":68,"column":1}}},"1":{"name":"(anonymous_1)","decl":{"start":{"line":9,"column":12},"end":{"line":9,"column":21}},"loc":{"start":{"line":9,"column":12},"end":{"line":9,"column":21}}},"2":{"name":"(anonymous_2)","decl":{"start":{"line":35,"column":25},"end":{"line":35,"column":26}},"loc":{"start":{"line":35,"column":46},"end":{"line":35,"column":69}}}},"branchMap":{"0":{"loc":{"start":{"line":9,"column":2},"end":{"line":9,"column":null}},"type":"default-arg","locations":[{"start":{"line":9,"column":12},"end":{"line":9,"column":null}}]},"1":{"loc":{"start":{"line":25,"column":18},"end":{"line":25,"column":38}},"type":"binary-expr","locations":[{"start":{"line":25,"column":18},"end":{"line":25,"column":32}},{"start":{"line":25,"column":36},"end":{"line":25,"column":38}}]},"2":{"loc":{"start":{"line":26,"column":2},"end":{"line":28,"column":null}},"type":"if","locations":[{"start":{"line":26,"column":2},"end":{"line":28,"column":null}}]},"3":{"loc":{"start":{"line":36,"column":4},"end":{"line":45,"column":null}},"type":"if","locations":[{"start":{"line":36,"column":4},"end":{"line":45,"column":null}},{"start":{"line":43,"column":9},"end":{"line":45,"column":null}}]},"4":{"loc":{"start":{"line":39,"column":6},"end":{"line":41,"column":null}},"type":"if","locations":[{"start":{"line":39,"column":6},"end":{"line":41,"column":null}}]}},"s":{"0":0,"1":0,"2":0,"3":0,"4":0,"5":0,"6":0,"7":0,"8":0,"9":0,"10":0,"11":0,"12":0,"13":0,"14":0,"15":0,"16":0,"17":0,"18":0,"19":0,"20":0,"21":0,"22":0,"23":0,"24":0,"25":0,"26":0,"27":0,"28":0,"29":0,"30":0,"31":0},"f":{"0":0,"1":0,"2":0},"b":{"0":[0],"1":[0,0],"2":[0],"3":[0,0],"4":[0]}}
,"/Users/zane/playground/liquid-labs/cloudcraft/src/lib/actions/destroy.mjs": {"path":"/Users/zane/playground/liquid-labs/cloudcraft/src/lib/actions/destroy.mjs","statementMap":{"0":{"start":{"line":1,"column":0},"end":{"line":1,"column":null}},"1":{"start":{"line":2,"column":0},"end":{"line":2,"column":null}},"2":{"start":{"line":4,"column":16},"end":{"line":12,"column":1}},"3":{"start":{"line":5,"column":17},"end":{"line":5,"column":34}},"4":{"start":{"line":6,"column":2},"end":{"line":11,"column":null}},"5":{"start":{"line":7,"column":4},"end":{"line":7,"column":null}},"6":{"start":{"line":10,"column":4},"end":{"line":10,"column":null}},"7":{"start":{"line":12,"column":1},"end":{"line":12,"column":null}},"8":{"start":{"line":14,"column":19},"end":{"line":28,"column":1}},"9":{"start":{"line":15,"column":28},"end":{"line":16,"column":31}},"10":{"start":{"line":17,"column":2},"end":{"line":17,"column":null}},"11":{"start":{"line":18,"column":2},"end":{"line":18,"column":null}},"12":{"start":{"line":19,"column":2},"end":{"line":27,"column":null}},"13":{"start":{"line":20,"column":4},"end":{"line":20,"column":null}},"14":{"start":{"line":21,"column":4},"end":{"line":25,"column":null}},"15":{"start":{"line":26,"column":4},"end":{"line":26,"column":null}},"16":{"start":{"line":30,"column":22},"end":{"line":61,"column":1}},"17":{"start":{"line":31,"column":28},"end":{"line":32,"column":22}},"18":{"start":{"line":33,"column":2},"end":{"line":33,"column":null}},"19":{"start":{"line":35,"column":21},"end":{"line":35,"column":44}},"20":{"start":{"line":37,"column":2},"end":{"line":37,"column":null}},"21":{"start":{"line":39,"column":2},"end":{"line":39,"column":null}},"22":{"start":{"line":40,"column":2},"end":{"line":44,"column":null}},"23":{"start":{"line":46,"column":2},"end":{"line":46,"column":null}},"24":{"start":{"line":47,"column":2},"end":{"line":47,"column":null}},"25":{"start":{"line":49,"column":2},"end":{"line":60,"column":null}},"26":{"start":{"line":50,"column":4},"end":{"line":50,"column":null}},"27":{"start":{"line":51,"column":4},"end":{"line":55,"column":null}},"28":{"start":{"line":56,"column":4},"end":{"line":56,"column":null}},"29":{"start":{"line":59,"column":4},"end":{"line":59,"column":null}}},"fnMap":{"0":{"name":"(anonymous_0)","decl":{"start":{"line":4,"column":16},"end":{"line":4,"column":22}},"loc":{"start":{"line":4,"column":62},"end":{"line":12,"column":1}}},"1":{"name":"(anonymous_1)","decl":{"start":{"line":14,"column":19},"end":{"line":14,"column":25}},"loc":{"start":{"line":14,"column":46},"end":{"line":28,"column":1}}},"2":{"name":"(anonymous_2)","decl":{"start":{"line":30,"column":22},"end":{"line":30,"column":28}},"loc":{"start":{"line":30,"column":55},"end":{"line":61,"column":1}}}},"branchMap":{"0":{"loc":{"start":{"line":4,"column":24},"end":{"line":4,"column":35}},"type":"default-arg","locations":[{"start":{"line":4,"column":30},"end":{"line":4,"column":35}}]},"1":{"loc":{"start":{"line":4,"column":43},"end":{"line":4,"column":56}},"type":"default-arg","locations":[{"start":{"line":4,"column":50},"end":{"line":4,"column":56}}]},"2":{"loc":{"start":{"line":6,"column":2},"end":{"line":11,"column":null}},"type":"if","locations":[{"start":{"line":6,"column":2},"end":{"line":11,"column":null}},{"start":{"line":9,"column":7},"end":{"line":11,"column":null}}]},"3":{"loc":{"start":{"line":15,"column":29},"end":{"line":15,"column":87}},"type":"cond-expr","locations":[{"start":{"line":15,"column":45},"end":{"line":15,"column":71}},{"start":{"line":15,"column":74},"end":{"line":15,"column":87}}]},"4":{"loc":{"start":{"line":19,"column":2},"end":{"line":27,"column":null}},"type":"if","locations":[{"start":{"line":19,"column":2},"end":{"line":27,"column":null}}]},"5":{"loc":{"start":{"line":31,"column":29},"end":{"line":31,"column":87}},"type":"cond-expr","locations":[{"start":{"line":31,"column":45},"end":{"line":31,"column":71}},{"start":{"line":31,"column":74},"end":{"line":31,"column":87}}]},"6":{"loc":{"start":{"line":49,"column":2},"end":{"line":60,"column":null}},"type":"if","locations":[{"start":{"line":49,"column":2},"end":{"line":60,"column":null}},{"start":{"line":58,"column":7},"end":{"line":60,"column":null}}]}},"s":{"0":0,"1":0,"2":0,"3":0,"4":0,"5":0,"6":0,"7":0,"8":0,"9":0,"10":0,"11":0,"12":0,"13":0,"14":0,"15":0,"16":0,"17":0,"18":0,"19":0,"20":0,"21":0,"22":0,"23":0,"24":0,"25":0,"26":0,"27":0,"28":0,"29":0},"f":{"0":0,"1":0,"2":0},"b":{"0":[0],"1":[0],"2":[0,0],"3":[0,0],"4":[0],"5":[0,0],"6":[0,0]}}
,"/Users/zane/playground/liquid-labs/cloudcraft/src/lib/actions/info.mjs": {"path":"/Users/zane/playground/liquid-labs/cloudcraft/src/lib/actions/info.mjs","statementMap":{"0":{"start":{"line":1,"column":0},"end":{"line":1,"column":null}},"1":{"start":{"line":2,"column":0},"end":{"line":2,"column":null}},"2":{"start":{"line":4,"column":0},"end":{"line":4,"column":null}},"3":{"start":{"line":6,"column":13},"end":{"line":54,"column":1}},"4":{"start":{"line":7,"column":2},"end":{"line":10,"column":null}},"5":{"start":{"line":8,"column":4},"end":{"line":8,"column":null}},"6":{"start":{"line":9,"column":4},"end":{"line":9,"column":null}},"7":{"start":{"line":12,"column":15},"end":{"line":12,"column":37}},"8":{"start":{"line":13,"column":22},"end":{"line":13,"column":34}},"9":{"start":{"line":15,"column":2},"end":{"line":53,"column":null}},"10":{"start":{"line":16,"column":4},"end":{"line":21,"column":null}},"11":{"start":{"line":17,"column":6},"end":{"line":17,"column":null}},"12":{"start":{"line":20,"column":6},"end":{"line":20,"column":null}},"13":{"start":{"line":23,"column":7},"end":{"line":53,"column":null}},"14":{"start":{"line":24,"column":4},"end":{"line":24,"column":null}},"15":{"start":{"line":26,"column":7},"end":{"line":53,"column":null}},"16":{"start":{"line":27,"column":23},"end":{"line":27,"column":46}},"17":{"start":{"line":28,"column":4},"end":{"line":37,"column":null}},"18":{"start":{"line":29,"column":27},"end":{"line":29,"column":57}},"19":{"start":{"line":30,"column":6},"end":{"line":32,"column":null}},"20":{"start":{"line":31,"column":8},"end":{"line":31,"column":null}},"21":{"start":{"line":33,"column":6},"end":{"line":33,"column":null}},"22":{"start":{"line":36,"column":6},"end":{"line":36,"column":null}},"23":{"start":{"line":40,"column":4},"end":{"line":52,"column":null}},"24":{"start":{"line":41,"column":27},"end":{"line":41,"column":29}},"25":{"start":{"line":42,"column":6},"end":{"line":44,"column":null}},"26":{"start":{"line":43,"column":8},"end":{"line":43,"column":null}},"27":{"start":{"line":45,"column":6},"end":{"line":47,"column":null}},"28":{"start":{"line":46,"column":8},"end":{"line":46,"column":null}},"29":{"start":{"line":48,"column":6},"end":{"line":48,"column":null}},"30":{"start":{"line":51,"column":6},"end":{"line":51,"column":null}},"31":{"start":{"line":54,"column":1},"end":{"line":54,"column":null}}},"fnMap":{"0":{"name":"(anonymous_0)","decl":{"start":{"line":6,"column":13},"end":{"line":6,"column":19}},"loc":{"start":{"line":6,"column":66},"end":{"line":54,"column":1}}}},"branchMap":{"0":{"loc":{"start":{"line":6,"column":42},"end":{"line":6,"column":60}},"type":"default-arg","locations":[{"start":{"line":6,"column":57},"end":{"line":6,"column":60}}]},"1":{"loc":{"start":{"line":7,"column":2},"end":{"line":10,"column":null}},"type":"if","locations":[{"start":{"line":7,"column":2},"end":{"line":10,"column":null}}]},"2":{"loc":{"start":{"line":15,"column":2},"end":{"line":53,"column":null}},"type":"if","locations":[{"start":{"line":15,"column":2},"end":{"line":53,"column":null}},{"start":{"line":23,"column":7},"end":{"line":53,"column":null}}]},"3":{"loc":{"start":{"line":15,"column":6},"end":{"line":15,"column":59}},"type":"binary-expr","locations":[{"start":{"line":15,"column":6},"end":{"line":15,"column":30}},{"start":{"line":15,"column":34},"end":{"line":15,"column":59}}]},"4":{"loc":{"start":{"line":16,"column":4},"end":{"line":21,"column":null}},"type":"if","locations":[{"start":{"line":16,"column":4},"end":{"line":21,"column":null}},{"start":{"line":19,"column":9},"end":{"line":21,"column":null}}]},"5":{"loc":{"start":{"line":23,"column":7},"end":{"line":53,"column":null}},"type":"if","locations":[{"start":{"line":23,"column":7},"end":{"line":53,"column":null}},{"start":{"line":26,"column":7},"end":{"line":53,"column":null}}]},"6":{"loc":{"start":{"line":23,"column":11},"end":{"line":23,"column":100}},"type":"binary-expr","locations":[{"start":{"line":23,"column":11},"end":{"line":23,"column":35}},{"start":{"line":23,"column":39},"end":{"line":23,"column":64}},{"start":{"line":23,"column":68},"end":{"line":23,"column":100}}]},"7":{"loc":{"start":{"line":26,"column":7},"end":{"line":53,"column":null}},"type":"if","locations":[{"start":{"line":26,"column":7},"end":{"line":53,"column":null}},{"start":{"line":39,"column":7},"end":{"line":53,"column":null}}]},"8":{"loc":{"start":{"line":28,"column":4},"end":{"line":37,"column":null}},"type":"if","locations":[{"start":{"line":28,"column":4},"end":{"line":37,"column":null}},{"start":{"line":35,"column":9},"end":{"line":37,"column":null}}]},"9":{"loc":{"start":{"line":30,"column":6},"end":{"line":32,"column":null}},"type":"if","locations":[{"start":{"line":30,"column":6},"end":{"line":32,"column":null}}]},"10":{"loc":{"start":{"line":40,"column":4},"end":{"line":52,"column":null}},"type":"if","locations":[{"start":{"line":40,"column":4},"end":{"line":52,"column":null}},{"start":{"line":50,"column":9},"end":{"line":52,"column":null}}]},"11":{"loc":{"start":{"line":45,"column":6},"end":{"line":47,"column":null}},"type":"if","locations":[{"start":{"line":45,"column":6},"end":{"line":47,"column":null}}]}},"s":{"0":0,"1":0,"2":0,"3":0,"4":0,"5":0,"6":0,"7":0,"8":0,"9":0,"10":0,"11":0,"12":0,"13":0,"14":0,"15":0,"16":0,"17":0,"18":0,"19":0,"20":0,"21":0,"22":0,"23":0,"24":0,"25":0,"26":0,"27":0,"28":0,"29":0,"30":0,"31":0},"f":{"0":0},"b":{"0":[0],"1":[0],"2":[0,0],"3":[0,0],"4":[0,0],"5":[0,0],"6":[0,0,0],"7":[0,0],"8":[0,0],"9":[0],"10":[0,0],"11":[0]}}
,"/Users/zane/playground/liquid-labs/cloudcraft/src/lib/actions/list.mjs": {"path":"/Users/zane/playground/liquid-labs/cloudcraft/src/lib/actions/list.mjs","statementMap":{"0":{"start":{"line":1,"column":0},"end":{"line":1,"column":null}},"1":{"start":{"line":3,"column":13},"end":{"line":16,"column":1}},"2":{"start":{"line":4,"column":17},"end":{"line":4,"column":34}},"3":{"start":{"line":6,"column":2},"end":{"line":15,"column":null}},"4":{"start":{"line":7,"column":4},"end":{"line":9,"column":null}},"5":{"start":{"line":8,"column":6},"end":{"line":8,"column":null}},"6":{"start":{"line":12,"column":4},"end":{"line":14,"column":null}},"7":{"start":{"line":13,"column":6},"end":{"line":13,"column":null}},"8":{"start":{"line":16,"column":1},"end":{"line":16,"column":null}}},"fnMap":{"0":{"name":"(anonymous_0)","decl":{"start":{"line":3,"column":13},"end":{"line":3,"column":19}},"loc":{"start":{"line":3,"column":33},"end":{"line":16,"column":1}}}},"branchMap":{"0":{"loc":{"start":{"line":6,"column":2},"end":{"line":15,"column":null}},"type":"if","locations":[{"start":{"line":6,"column":2},"end":{"line":15,"column":null}},{"start":{"line":11,"column":7},"end":{"line":15,"column":null}}]},"1":{"loc":{"start":{"line":6,"column":6},"end":{"line":6,"column":65}},"type":"binary-expr","locations":[{"start":{"line":6,"column":6},"end":{"line":6,"column":34}},{"start":{"line":6,"column":38},"end":{"line":6,"column":65}}]},"2":{"loc":{"start":{"line":7,"column":4},"end":{"line":9,"column":null}},"type":"if","locations":[{"start":{"line":7,"column":4},"end":{"line":9,"column":null}}]}},"s":{"0":0,"1":0,"2":0,"3":0,"4":0,"5":0,"6":0,"7":0,"8":0},"f":{"0":0},"b":{"0":[0,0],"1":[0,0],"2":[0]}}
,"/Users/zane/playground/liquid-labs/cloudcraft/src/lib/actions/ssh.mjs": {"path":"/Users/zane/playground/liquid-labs/cloudcraft/src/lib/actions/ssh.mjs","statementMap":{"0":{"start":{"line":1,"column":0},"end":{"line":1,"column":null}},"1":{"start":{"line":3,"column":0},"end":{"line":3,"column":null}},"2":{"start":{"line":5,"column":12},"end":{"line":30,"column":1}},"3":{"start":{"line":6,"column":22},"end":{"line":6,"column":44}},"4":{"start":{"line":7,"column":20},"end":{"line":7,"column":44}},"5":{"start":{"line":8,"column":18},"end":{"line":8,"column":40}},"6":{"start":{"line":9,"column":15},"end":{"line":9,"column":31}},"7":{"start":{"line":11,"column":20},"end":{"line":11,"column":87}},"8":{"start":{"line":12,"column":2},"end":{"line":21,"column":null}},"9":{"start":{"line":13,"column":4},"end":{"line":13,"column":null}},"10":{"start":{"line":16,"column":4},"end":{"line":18,"column":null}},"11":{"start":{"line":17,"column":6},"end":{"line":17,"column":null}},"12":{"start":{"line":19,"column":4},"end":{"line":19,"column":null}},"13":{"start":{"line":20,"column":4},"end":{"line":20,"column":null}},"14":{"start":{"line":22,"column":35},"end":{"line":22,"column":85}},"15":{"start":{"line":24,"column":2},"end":{"line":26,"column":null}},"16":{"start":{"line":25,"column":4},"end":{"line":25,"column":null}},"17":{"start":{"line":27,"column":2},"end":{"line":29,"column":null}},"18":{"start":{"line":28,"column":4},"end":{"line":28,"column":null}},"19":{"start":{"line":30,"column":1},"end":{"line":30,"column":null}}},"fnMap":{"0":{"name":"(anonymous_0)","decl":{"start":{"line":5,"column":12},"end":{"line":5,"column":18}},"loc":{"start":{"line":5,"column":50},"end":{"line":30,"column":1}}}},"branchMap":{"0":{"loc":{"start":{"line":12,"column":2},"end":{"line":21,"column":null}},"type":"if","locations":[{"start":{"line":12,"column":2},"end":{"line":21,"column":null}},{"start":{"line":15,"column":7},"end":{"line":21,"column":null}}]},"1":{"loc":{"start":{"line":16,"column":4},"end":{"line":18,"column":null}},"type":"if","locations":[{"start":{"line":16,"column":4},"end":{"line":18,"column":null}}]},"2":{"loc":{"start":{"line":24,"column":2},"end":{"line":26,"column":null}},"type":"if","locations":[{"start":{"line":24,"column":2},"end":{"line":26,"column":null}}]},"3":{"loc":{"start":{"line":27,"column":2},"end":{"line":29,"column":null}},"type":"if","locations":[{"start":{"line":27,"column":2},"end":{"line":29,"column":null}}]}},"s":{"0":0,"1":0,"2":0,"3":0,"4":0,"5":0,"6":0,"7":0,"8":0,"9":0,"10":0,"11":0,"12":0,"13":0,"14":0,"15":0,"16":0,"17":0,"18":0,"19":0},"f":{"0":0},"b":{"0":[0,0],"1":[0],"2":[0],"3":[0]}}
,"/Users/zane/playground/liquid-labs/cloudcraft/src/lib/actions/start.mjs": {"path":"/Users/zane/playground/liquid-labs/cloudcraft/src/lib/actions/start.mjs","statementMap":{"0":{"start":{"line":1,"column":0},"end":{"line":1,"column":null}},"1":{"start":{"line":3,"column":0},"end":{"line":3,"column":null}},"2":{"start":{"line":5,"column":14},"end":{"line":37,"column":1}},"3":{"start":{"line":6,"column":2},"end":{"line":6,"column":null}},"4":{"start":{"line":8,"column":2},"end":{"line":11,"column":null}},"5":{"start":{"line":9,"column":4},"end":{"line":9,"column":null}},"6":{"start":{"line":10,"column":4},"end":{"line":10,"column":null}},"7":{"start":{"line":13,"column":22},"end":{"line":13,"column":44}},"8":{"start":{"line":14,"column":26},"end":{"line":14,"column":47}},"9":{"start":{"line":15,"column":24},"end":{"line":19,"column":4}},"10":{"start":{"line":21,"column":35},"end":{"line":21,"column":46}},"11":{"start":{"line":23,"column":2},"end":{"line":36,"column":null}},"12":{"start":{"line":24,"column":4},"end":{"line":24,"column":null}},"13":{"start":{"line":27,"column":25},"end":{"line":27,"column":39}},"14":{"start":{"line":28,"column":4},"end":{"line":33,"column":null}},"15":{"start":{"line":29,"column":6},"end":{"line":29,"column":null}},"16":{"start":{"line":30,"column":6},"end":{"line":32,"column":null}},"17":{"start":{"line":31,"column":8},"end":{"line":31,"column":null}},"18":{"start":{"line":35,"column":4},"end":{"line":35,"column":null}},"19":{"start":{"line":37,"column":1},"end":{"line":37,"column":null}}},"fnMap":{"0":{"name":"(anonymous_0)","decl":{"start":{"line":5,"column":14},"end":{"line":5,"column":20}},"loc":{"start":{"line":5,"column":42},"end":{"line":37,"column":1}}}},"branchMap":{"0":{"loc":{"start":{"line":8,"column":2},"end":{"line":11,"column":null}},"type":"if","locations":[{"start":{"line":8,"column":2},"end":{"line":11,"column":null}}]},"1":{"loc":{"start":{"line":23,"column":2},"end":{"line":36,"column":null}},"type":"if","locations":[{"start":{"line":23,"column":2},"end":{"line":36,"column":null}},{"start":{"line":26,"column":7},"end":{"line":36,"column":null}}]},"2":{"loc":{"start":{"line":28,"column":4},"end":{"line":33,"column":null}},"type":"if","locations":[{"start":{"line":28,"column":4},"end":{"line":33,"column":null}}]},"3":{"loc":{"start":{"line":28,"column":8},"end":{"line":28,"column":39}},"type":"binary-expr","locations":[{"start":{"line":28,"column":8},"end":{"line":28,"column":16}},{"start":{"line":28,"column":20},"end":{"line":28,"column":39}}]}},"s":{"0":0,"1":0,"2":0,"3":0,"4":0,"5":0,"6":0,"7":0,"8":0,"9":0,"10":0,"11":0,"12":0,"13":0,"14":0,"15":0,"16":0,"17":0,"18":0,"19":0},"f":{"0":0},"b":{"0":[0],"1":[0,0],"2":[0],"3":[0,0]}}
,"/Users/zane/playground/liquid-labs/cloudcraft/src/lib/actions/status.mjs": {"path":"/Users/zane/playground/liquid-labs/cloudcraft/src/lib/actions/status.mjs","statementMap":{"0":{"start":{"line":1,"column":0},"end":{"line":1,"column":null}},"1":{"start":{"line":3,"column":0},"end":{"line":3,"column":null}},"2":{"start":{"line":4,"column":0},"end":{"line":4,"column":null}},"3":{"start":{"line":6,"column":0},"end":{"line":6,"column":null}},"4":{"start":{"line":8,"column":15},"end":{"line":73,"column":1}},"5":{"start":{"line":9,"column":2},"end":{"line":9,"column":null}},"6":{"start":{"line":11,"column":2},"end":{"line":14,"column":null}},"7":{"start":{"line":12,"column":4},"end":{"line":12,"column":null}},"8":{"start":{"line":13,"column":4},"end":{"line":13,"column":null}},"9":{"start":{"line":16,"column":22},"end":{"line":16,"column":44}},"10":{"start":{"line":17,"column":20},"end":{"line":17,"column":44}},"11":{"start":{"line":18,"column":18},"end":{"line":18,"column":40}},"12":{"start":{"line":19,"column":15},"end":{"line":19,"column":31}},"13":{"start":{"line":21,"column":26},"end":{"line":21,"column":47}},"14":{"start":{"line":22,"column":25},"end":{"line":26,"column":4}},"15":{"start":{"line":27,"column":21},"end":{"line":27,"column":40}},"16":{"start":{"line":28,"column":22},"end":{"line":28,"column":46}},"17":{"start":{"line":29,"column":2},"end":{"line":29,"column":null}},"18":{"start":{"line":31,"column":2},"end":{"line":60,"column":null}},"19":{"start":{"line":33,"column":23},"end":{"line":33,"column":48}},"20":{"start":{"line":34,"column":15},"end":{"line":34,"column":36}},"21":{"start":{"line":35,"column":23},"end":{"line":35,"column":70}},"22":{"start":{"line":36,"column":20},"end":{"line":36,"column":30}},"23":{"start":{"line":38,"column":4},"end":{"line":58,"column":null}},"24":{"start":{"line":39,"column":6},"end":{"line":39,"column":null}},"25":{"start":{"line":41,"column":9},"end":{"line":58,"column":null}},"26":{"start":{"line":42,"column":6},"end":{"line":42,"column":null}},"27":{"start":{"line":44,"column":9},"end":{"line":58,"column":null}},"28":{"start":{"line":45,"column":6},"end":{"line":45,"column":null}},"29":{"start":{"line":47,"column":9},"end":{"line":58,"column":null}},"30":{"start":{"line":48,"column":6},"end":{"line":48,"column":null}},"31":{"start":{"line":50,"column":9},"end":{"line":58,"column":null}},"32":{"start":{"line":51,"column":6},"end":{"line":51,"column":null}},"33":{"start":{"line":53,"column":9},"end":{"line":58,"column":null}},"34":{"start":{"line":54,"column":6},"end":{"line":54,"column":null}},"35":{"start":{"line":57,"column":6},"end":{"line":57,"column":null}},"36":{"start":{"line":59,"column":4},"end":{"line":59,"column":null}},"37":{"start":{"line":62,"column":2},"end":{"line":72,"column":null}},"38":{"start":{"line":63,"column":4},"end":{"line":71,"column":null}},"39":{"start":{"line":64,"column":23},"end":{"line":64,"column":204}},"40":{"start":{"line":66,"column":45},"end":{"line":66,"column":65}},"41":{"start":{"line":67,"column":6},"end":{"line":67,"column":null}},"42":{"start":{"line":70,"column":6},"end":{"line":70,"column":null}},"43":{"start":{"line":73,"column":1},"end":{"line":73,"column":null}}},"fnMap":{"0":{"name":"(anonymous_0)","decl":{"start":{"line":8,"column":15},"end":{"line":8,"column":21}},"loc":{"start":{"line":8,"column":59},"end":{"line":73,"column":1}}}},"branchMap":{"0":{"loc":{"start":{"line":8,"column":29},"end":{"line":8,"column":43}},"type":"default-arg","locations":[{"start":{"line":8,"column":38},"end":{"line":8,"column":43}}]},"1":{"loc":{"start":{"line":11,"column":2},"end":{"line":14,"column":null}},"type":"if","locations":[{"start":{"line":11,"column":2},"end":{"line":14,"column":null}}]},"2":{"loc":{"start":{"line":31,"column":2},"end":{"line":60,"column":null}},"type":"if","locations":[{"start":{"line":31,"column":2},"end":{"line":60,"column":null}}]},"3":{"loc":{"start":{"line":31,"column":6},"end":{"line":31,"column":45}},"type":"binary-expr","locations":[{"start":{"line":31,"column":6},"end":{"line":31,"column":26}},{"start":{"line":31,"column":30},"end":{"line":31,"column":45}}]},"4":{"loc":{"start":{"line":38,"column":4},"end":{"line":58,"column":null}},"type":"if","locations":[{"start":{"line":38,"column":4},"end":{"line":58,"column":null}},{"start":{"line":41,"column":9},"end":{"line":58,"column":null}}]},"5":{"loc":{"start":{"line":41,"column":9},"end":{"line":58,"column":null}},"type":"if","locations":[{"start":{"line":41,"column":9},"end":{"line":58,"column":null}},{"start":{"line":44,"column":9},"end":{"line":58,"column":null}}]},"6":{"loc":{"start":{"line":44,"column":9},"end":{"line":58,"column":null}},"type":"if","locations":[{"start":{"line":44,"column":9},"end":{"line":58,"column":null}},{"start":{"line":47,"column":9},"end":{"line":58,"column":null}}]},"7":{"loc":{"start":{"line":47,"column":9},"end":{"line":58,"column":null}},"type":"if","locations":[{"start":{"line":47,"column":9},"end":{"line":58,"column":null}},{"start":{"line":50,"column":9},"end":{"line":58,"column":null}}]},"8":{"loc":{"start":{"line":50,"column":9},"end":{"line":58,"column":null}},"type":"if","locations":[{"start":{"line":50,"column":9},"end":{"line":58,"column":null}},{"start":{"line":53,"column":9},"end":{"line":58,"column":null}}]},"9":{"loc":{"start":{"line":53,"column":9},"end":{"line":58,"column":null}},"type":"if","locations":[{"start":{"line":53,"column":9},"end":{"line":58,"column":null}},{"start":{"line":56,"column":9},"end":{"line":58,"column":null}}]},"10":{"loc":{"start":{"line":62,"column":2},"end":{"line":72,"column":null}},"type":"if","locations":[{"start":{"line":62,"column":2},"end":{"line":72,"column":null}}]}},"s":{"0":0,"1":0,"2":0,"3":0,"4":0,"5":0,"6":0,"7":0,"8":0,"9":0,"10":0,"11":0,"12":0,"13":0,"14":0,"15":0,"16":0,"17":0,"18":0,"19":0,"20":0,"21":0,"22":0,"23":0,"24":0,"25":0,"26":0,"27":0,"28":0,"29":0,"30":0,"31":0,"32":0,"33":0,"34":0,"35":0,"36":0,"37":0,"38":0,"39":0,"40":0,"41":0,"42":0,"43":0},"f":{"0":0},"b":{"0":[0],"1":[0],"2":[0],"3":[0,0],"4":[0,0],"5":[0,0],"6":[0,0],"7":[0,0],"8":[0,0],"9":[0,0],"10":[0]}}
,"/Users/zane/playground/liquid-labs/cloudcraft/src/lib/actions/stop.mjs": {"path":"/Users/zane/playground/liquid-labs/cloudcraft/src/lib/actions/stop.mjs","statementMap":{"0":{"start":{"line":1,"column":0},"end":{"line":1,"column":null}},"1":{"start":{"line":3,"column":0},"end":{"line":3,"column":null}},"2":{"start":{"line":5,"column":13},"end":{"line":37,"column":1}},"3":{"start":{"line":6,"column":2},"end":{"line":6,"column":null}},"4":{"start":{"line":8,"column":2},"end":{"line":11,"column":null}},"5":{"start":{"line":9,"column":4},"end":{"line":9,"column":null}},"6":{"start":{"line":10,"column":4},"end":{"line":10,"column":null}},"7":{"start":{"line":13,"column":22},"end":{"line":13,"column":44}},"8":{"start":{"line":14,"column":26},"end":{"line":14,"column":47}},"9":{"start":{"line":15,"column":24},"end":{"line":19,"column":4}},"10":{"start":{"line":21,"column":35},"end":{"line":21,"column":46}},"11":{"start":{"line":23,"column":2},"end":{"line":36,"column":null}},"12":{"start":{"line":24,"column":4},"end":{"line":24,"column":null}},"13":{"start":{"line":27,"column":25},"end":{"line":27,"column":39}},"14":{"start":{"line":28,"column":4},"end":{"line":33,"column":null}},"15":{"start":{"line":29,"column":6},"end":{"line":29,"column":null}},"16":{"start":{"line":30,"column":6},"end":{"line":32,"column":null}},"17":{"start":{"line":31,"column":8},"end":{"line":31,"column":null}},"18":{"start":{"line":35,"column":4},"end":{"line":35,"column":null}},"19":{"start":{"line":37,"column":1},"end":{"line":37,"column":null}}},"fnMap":{"0":{"name":"(anonymous_0)","decl":{"start":{"line":5,"column":13},"end":{"line":5,"column":19}},"loc":{"start":{"line":5,"column":41},"end":{"line":37,"column":1}}}},"branchMap":{"0":{"loc":{"start":{"line":8,"column":2},"end":{"line":11,"column":null}},"type":"if","locations":[{"start":{"line":8,"column":2},"end":{"line":11,"column":null}}]},"1":{"loc":{"start":{"line":23,"column":2},"end":{"line":36,"column":null}},"type":"if","locations":[{"start":{"line":23,"column":2},"end":{"line":36,"column":null}},{"start":{"line":26,"column":7},"end":{"line":36,"column":null}}]},"2":{"loc":{"start":{"line":28,"column":4},"end":{"line":33,"column":null}},"type":"if","locations":[{"start":{"line":28,"column":4},"end":{"line":33,"column":null}}]},"3":{"loc":{"start":{"line":28,"column":8},"end":{"line":28,"column":39}},"type":"binary-expr","locations":[{"start":{"line":28,"column":8},"end":{"line":28,"column":16}},{"start":{"line":28,"column":20},"end":{"line":28,"column":39}}]}},"s":{"0":0,"1":0,"2":0,"3":0,"4":0,"5":0,"6":0,"7":0,"8":0,"9":0,"10":0,"11":0,"12":0,"13":0,"14":0,"15":0,"16":0,"17":0,"18":0,"19":0},"f":{"0":0},"b":{"0":[0],"1":[0,0],"2":[0],"3":[0,0]}}
,"/Users/zane/playground/liquid-labs/cloudcraft/src/lib/actions/backups/backups-create.mjs": {"path":"/Users/zane/playground/liquid-labs/cloudcraft/src/lib/actions/backups/backups-create.mjs","statementMap":{"0":{"start":{"line":1,"column":0},"end":{"line":1,"column":null}},"1":{"start":{"line":2,"column":0},"end":{"line":2,"column":null}},"2":{"start":{"line":4,"column":0},"end":{"line":4,"column":null}},"3":{"start":{"line":6,"column":0},"end":{"line":6,"column":null}},"4":{"start":{"line":7,"column":0},"end":{"line":7,"column":53}},"5":{"start":{"line":7,"column":53},"end":{"line":7,"column":null}},"6":{"start":{"line":9,"column":22},"end":{"line":58,"column":1}},"7":{"start":{"line":10,"column":2},"end":{"line":10,"column":null}},"8":{"start":{"line":12,"column":22},"end":{"line":12,"column":44}},"9":{"start":{"line":13,"column":20},"end":{"line":13,"column":44}},"10":{"start":{"line":14,"column":18},"end":{"line":14,"column":40}},"11":{"start":{"line":15,"column":15},"end":{"line":15,"column":31}},"12":{"start":{"line":17,"column":14},"end":{"line":17,"column":24}},"13":{"start":{"line":18,"column":21},"end":{"line":23,"column":49}},"14":{"start":{"line":25,"column":19},"end":{"line":25,"column":59}},"15":{"start":{"line":27,"column":22},"end":{"line":27,"column":190}},"16":{"start":{"line":29,"column":2},"end":{"line":29,"column":null}},"17":{"start":{"line":30,"column":2},"end":{"line":35,"column":null}},"18":{"start":{"line":31,"column":4},"end":{"line":31,"column":null}},"19":{"start":{"line":34,"column":4},"end":{"line":34,"column":null}},"20":{"start":{"line":37,"column":20},"end":{"line":37,"column":49}},"21":{"start":{"line":38,"column":2},"end":{"line":38,"column":null}},"22":{"start":{"line":40,"column":23},"end":{"line":40,"column":141}},"23":{"start":{"line":41,"column":2},"end":{"line":41,"column":null}},"24":{"start":{"line":42,"column":2},"end":{"line":47,"column":null}},"25":{"start":{"line":43,"column":4},"end":{"line":43,"column":null}},"26":{"start":{"line":46,"column":4},"end":{"line":46,"column":null}},"27":{"start":{"line":49,"column":26},"end":{"line":49,"column":161}},"28":{"start":{"line":51,"column":2},"end":{"line":51,"column":null}},"29":{"start":{"line":52,"column":2},"end":{"line":57,"column":null}},"30":{"start":{"line":53,"column":4},"end":{"line":53,"column":null}},"31":{"start":{"line":56,"column":4},"end":{"line":56,"column":null}},"32":{"start":{
[...]
,"end":{"line":38,"column":1}},"4":{"start":{"line":7,"column":24},"end":{"line":7,"column":50}},"5":{"start":{"line":9,"column":23},"end":{"line":9,"column":29}},"6":{"start":{"line":11,"column":2},"end":{"line":13,"column":null}},"7":{"start":{"line":12,"column":4},"end":{"line":12,"column":null}},"8":{"start":{"line":15,"column":20},"end":{"line":15,"column":52}},"9":{"start":{"line":16,"column":24},"end":{"line":16,"column":55}},"10":{"start":{"line":16,"column":50},"end":{"line":16,"column":54}},"11":{"start":{"line":18,"column":2},"end":{"line":18,"column":null}},"12":{"start":{"line":19,"column":20},"end":{"line":23,"column":3}},"13":{"start":{"line":25,"column":27},"end":{"line":25,"column":78}},"14":{"start":{"line":26,"column":2},"end":{"line":26,"column":null}},"15":{"start":{"line":28,"column":2},"end":{"line":28,"column":null}},"16":{"start":{"line":30,"column":2},"end":{"line":37,"column":null}},"17":{"start":{"line":31,"column":4},"end":{"line":31,"column":null}},"18":{"start":{"line":34,"column":4},"end":{"line":34,"column":null}},"19":{"start":{"line":36,"column":4},"end":{"line":36,"column":null}},"20":{"start":{"line":38,"column":1},"end":{"line":38,"column":null}}},"fnMap":{"0":{"name":"(anonymous_0)","decl":{"start":{"line":6,"column":21},"end":{"line":6,"column":27}},"loc":{"start":{"line":6,"column":53},"end":{"line":38,"column":1}}},"1":{"name":"(anonymous_1)","decl":{"start":{"line":16,"column":36},"end":{"line":16,"column":37}},"loc":{"start":{"line":16,"column":50},"end":{"line":16,"column":54}}}},"branchMap":{"0":{"loc":{"start":{"line":11,"column":2},"end":{"line":13,"column":null}},"type":"if","locations":[{"start":{"line":11,"column":2},"end":{"line":13,"column":null}}]},"1":{"loc":{"start":{"line":30,"column":2},"end":{"line":37,"column":null}},"type":"if","locations":[{"start":{"line":30,"column":2},"end":{"line":37,"column":null}},{"start":{"line":33,"column":7},"end":{"line":37,"column":null}}]}},"s":{"0":0,"1":0,"2":0,"3":0,"4":0,"5":0,"6":0,"7":0,"8":0,"9":0,"10":0,"11":0,"12":0,"13":0,"14":0,"15":0,"16":0,"17":0,"18":0,"19":0,"20":0},"f":{"0":0,"1":0},"b":{"0":[0],"1":[0,0]}}
,"/Users/zane/playground/liquid-labs/cloudcraft/src/lib/actions/lib/select-org.mjs": {"path":"/Users/zane/playground/liquid-labs/cloudcraft/src/lib/actions/lib/select-org.mjs","statementMap":{"0":{"start":{"line":1,"column":0},"end":{"line":1,"column":null}},"1":{"start":{"line":2,"column":0},"end":{"line":2,"column":null}},"2":{"start":{"line":4,"column":0},"end":{"line":4,"column":null}},"3":{"start":{"line":6,"column":18},"end":{"line":58,"column":1}},"4":{"start":{"line":7,"column":20},"end":{"line":7,"column":45}},"5":{"start":{"line":9,"column":29},"end":{"line":9,"column":35}},"6":{"start":{"line":12,"column":2},"end":{"line":19,"column":null}},"7":{"start":{"line":13,"column":4},"end":{"line":16,"column":null}},"8":{"start":{"line":14,"column":29},"end":{"line":14,"column":89}},"9":{"start":{"line":15,"column":6},"end":{"line":15,"column":null}},"10":{"start":{"line":18,"column":4},"end":{"line":18,"column":null}},"11":{"start":{"line":21,"column":24},"end":{"line":21,"column":66}},"12":{"start":{"line":22,"column":30},"end":{"line":22,"column":32}},"13":{"start":{"line":23,"column":28},"end":{"line":23,"column":30}},"14":{"start":{"line":25,"column":2},"end":{"line":28,"column":null}},"15":{"start":{"line":26,"column":4},"end":{"line":26,"column":null}},"16":{"start":{"line":27,"column":4},"end":{"line":27,"column":null}},"17":{"start":{"line":30,"column":2},"end":{"line":32,"column":null}},"18":{"start":{"line":31,"column":4},"end":{"line":31,"column":null}},"19":{"start":{"line":33,"column":2},"end":{"line":33,"column":null}},"20":{"start":{"line":34,"column":25},"end":{"line":38,"column":3}},"21":{"start":{"line":40,"column":24},"end":{"line":40,"column":80}},"22":{"start":{"line":41,"column":2},"end":{"line":41,"column":null}},"23":{"start":{"line":43,"column":2},"end":{"line":43,"column":null}},"24":{"start":{"line":44,"column":2},"end":{"line":57,"column":null}},"25":{"start":{"line":45,"column":4},"end":{"line":45,"column":null}},"26":{"start":{"line":47,"column":4},"end":{"line":47,"column":null}},"27":{"start":{"line":49,"column":7},"end":{"line":57,"column":null}},"28":{"start":{"line":50,"column":4},"end":{"line":50,"column":null}},"29":{"start":{"line":53,"column":4},"end":{"line":53,"column":null}},"30":{"start":{"line":53,"column":67},"end":{"line":53,"column":106}},"31":{"start":{"line":54,"column":4},"end":{"line":54,"column":null}},"32":{"start":{"line":56,"column":4},"end":{"line":56,"column":null}},"33":{"start":{"line":58,"column":1},"end":{"line":58,"column":null}}},"fnMap":{"0":{"name":"(anonymous_0)","decl":{"start":{"line":6,"column":18},"end":{"line":6,"column":24}},"loc":{"start":{"line":6,"column":86},"end":{"line":58,"column":1}}},"1":{"name":"(anonymous_1)","decl":{"start":{"line":53,"column":46},"end":{"line":53,"column":47}},"loc":{"start":{"line":53,"column":67},"end":{"line":53,"column":106}}}},"branchMap":{"0":{"loc":{"start":{"line":6,"column":26},"end":{"line":6,"column":43}},"type":"default-arg","locations":[{"start":{"line":6,"column":38},"end":{"line":6,"column":43}}]},"1":{"loc":{"start":{"line":6,"column":53},"end":{"line":6,"column":80}},"type":"default-arg","locations":[{"start":{"line":6,"column":74},"end":{"line":6,"column":80}}]},"2":{"loc":{"start":{"line":12,"column":2},"end":{"line":19,"column":null}},"type":"if","locations":[{"start":{"line":12,"column":2},"end":{"line":19,"column":null}}]},"3":{"loc":{"start":{"line":13,"column":4},"end":{"line":16,"column":null}},"type":"if","locations":[{"start":{"line":13,"column":4},"end":{"line":16,"column":null}}]},"4":{"loc":{"start":{"line":30,"column":2},"end":{"line":32,"column":null}},"type":"if","locations":[{"start":{"line":30,"column":2},"end":{"line":32,"column":null}}]},"5":{"loc":{"start":{"line":44,"column":2},"end":{"line":57,"column":null}},"type":"if","locations":[{"start":{"line":44,"column":2},"end":{"line":57,"column":null}},{"start":{"line":49,"column":7},"end":{"line":57,"column":null}}]},"6":{"loc":{"start":{"line":49,"column":7},"end":{"line":57,"column":null}},"type":"if","locations":[{"start":{"line":49,"column":7},"end":{"line":57,"column":null}},{"start":{"line":52,"column":7},"end":{"line":57,"column":null}}]}},"s":{"0":0,"1":0,"2":0,"3":0,"4":0,"5":0,"6":0,"7":0,"8":0,"9":0,"10":0,"11":0,"12":0,"13":0,"14":0,"15":0,"16":0,"17":0,"18":0,"19":0,"20":0,"21":0,"22":0,"23":0,"24":0,"25":0,"26":0,"27":0,"28":0,"29":0,"30":0,"31":0,"32":0,"33":0},"f":{"0":0,"1":0},"b":{"0":[0],"1":[0],"2":[0],"3":[0],"4":[0],"5":[0,0],"6":[0,0]}}
,"/Users/zane/playground/liquid-labs/cloudcraft/src/lib/actions/lib/select-project.mjs": {"path":"/Users/zane/playground/liquid-labs/cloudcraft/src/lib/actions/lib/select-project.mjs","statementMap":{"0":{"start":{"line":1,"column":0},"end":{"line":1,"column":null}},"1":{"start":{"line":2,"column":0},"end":{"line":2,"column":null}},"2":{"start":{"line":4,"column":0},"end":{"line":4,"column":null}},"3":{"start":{"line":6,"column":22},"end":{"line":74,"column":1}},"4":{"start":{"line":7,"column":25},"end":{"line":7,"column":45}},"5":{"start":{"line":9,"column":35},"end":{"line":9,"column":41}},"6":{"start":{"line":11,"column":2},"end":{"line":19,"column":null}},"7":{"start":{"line":13,"column":4},"end":{"line":16,"column":null}},"8":{"start":{"line":14,"column":24},"end":{"line":14,"column":79}},"9":{"start":{"line":15,"column":6},"end":{"line":15,"column":null}},"10":{"start":{"line":18,"column":4},"end":{"line":18,"column":null}},"11":{"start":{"line":21,"column":19},"end":{"line":23,"column":69}},"12":{"start":{"line":24,"column":25},"end":{"line":24,"column":27}},"13":{"start":{"line":25,"column":22},"end":{"line":25,"column":24}},"14":{"start":{"line":27,"column":2},"end":{"line":32,"column":null}},"15":{"start":{"line":28,"column":4},"end":{"line":31,"column":null}},"16":{"start":{"line":29,"column":6},"end":{"line":29,"column":null}},"17":{"start":{"line":30,"column":6},"end":{"line":30,"column":null}},"18":{"start":{"line":34,"column":2},"end":{"line":34,"column":null}},"19":{"start":{"line":35,"column":21},"end":{"line":39,"column":3}},"20":{"start":{"line":41,"column":28},"end":{"line":41,"column":80}},"21":{"start":{"line":42,"column":2},"end":{"line":42,"column":null}},"22":{"start":{"line":44,"column":29},"end":{"line":44,"column":71}},"23":{"start":{"line":46,"column":2},"end":{"line":73,"column":null}},"24":{"start":{"line":47,"column":21},"end":{"line":55,"column":5}},"25":{"start":{"line":57,"column":29},"end":{"line":57,"column":79}},"26":{"start":{"line":58,"column":4},"end":{"line":58,"column":null}},"27":{"start":{"line":59,"column":22},"end":{"line":59,"column":53}},"28":{"start":{"line":62,"column":4},"end":{"line":62,"column":null}},"29":{"start":{"line":65,"column":20},"end":{"line":65,"column":93}},"30":{"start":{"line":65,"column":58},"end":{"line":65,"column":92}},"31":{"start":{"line":66,"column":4},"end":{"line":66,"column":null}},"32":{"start":{"line":67,"column":4},"end":{"line":67,"column":null}},"33":{"start":{"line":69,"column":4},"end":{"line":69,"column":null}},"34":{"start":{"line":70,"column":4},"end":{"line":70,"column":null}},"35":{"start":{"line":72,"column":4},"end":{"line":72,"column":null}},"36":{"start":{"line":74,"column":1},"end":{"line":74,"column":null}}},"fnMap":{"0":{"name":"(anonymous_0)","decl":{"start":{"line":6,"column":22},"end":{"line":6,"column":28}},"loc":{"start":{"line":6,"column":89},"end":{"line":74,"column":1}}},"1":{"name":"(anonymous_1)","decl":{"start":{"line":65,"column":37},"end":{"line":65,"column":38}},"loc":{"start":{"line":65,"column":58},"end":{"line":65,"column":92}}}},"branchMap":{"0":{"loc":{"start":{"line":6,"column":56},"end":{"line":6,"column":83}},"type":"default-arg","locations":[{"start":{"line":6,"column":77},"end":{"line":6,"column":83}}]},"1":{"loc":{"start":{"line":11,"column":2},"end":{"line":19,"column":null}},"type":"if","locations":[{"start":{"line":11,"column":2},"end":{"line":19,"column":null}}]},"2":{"loc":{"start":{"line":11,"column":6},"end":{"line":11,"column":58}},"type":"binary-expr","locations":[{"start":{"line":11,"column":6},"end":{"line":11,"column":31}},{"start":{"line":11,"column":35},"end":{"line":11,"column":58}}]},"3":{"loc":{"start":{"line":13,"column":4},"end":{"line":16,"column":null}},"type":"if","locations":[{"start":{"line":13,"column":4},"end":{"line":16,"column":null}}]},"4":{"loc":{"start":{"line":21,"column":19},"end":{"line":23,"column":69}},"type":"cond-expr","locations":[{"start":{"line":22,"column":6},"end":{"line":22,"column":42}},{"start":{"line":23,"column":6},"end":{"line":23,"column":69}}]},"5":{"loc":{"start":{"line":28,"column":4},"end":{"line":31,"column":null}},"type":"if","locations":[{"start":{"line":28,"column":4},"end":{"line":31,"column":null}}]},"6":{"loc":{"start":{"line":28,"column":8},"end":{"line":28,"column":97}},"type":"binary-expr","locations":[{"start":{"line":28,"column":8},"end":{"line":28,"column":45}},{"start":{"line":28,"column":50},"end":{"line":28,"column":75}},{"start":{"line":28,"column":79},"end":{"line":28,"column":96}}]},"7":{"loc":{"start":{"line":46,"column":2},"end":{"line":73,"column":null}},"type":"if","locations":[{"start":{"line":46,"column":2},"end":{"line":73,"column":null}},{"start":{"line":64,"column":7},"end":{"line":73,"column":null}}]}},"s":{"0":0,"1":0,"2":0,"3":0,"4":0,"5":0,"6":0,"7":0,"8":0,"9":0,"10":0,"11":0,"12":0,"13":0,"14":0,"15":0,"16":0,"17":0,"18":0,"19":0,"20":0,"21":0,"22":0,"23":0,"24":0,"25":0,"26":0,"27":0,"28":0,"29":0,"30":0,"31":0,"32":0,"33":0,"34":0,"35":0,"36":0},"f":{"0":0,"1":0},"b":{"0":[0],"1":[0],"2":[0,0],"3":[0],"4":[0,0],"5":[0],"6":[0,0,0],"7":[0,0]}}
,"/Users/zane/playground/liquid-labs/cloudcraft/src/lib/actions/lib/terraform-lib.mjs": {"path":"/Users/zane/playground/liquid-labs/cloudcraft/src/lib/actions/lib/terraform-lib.mjs","statementMap":{"0":{"start":{"line":1,"column":0},"end":{"line":1,"column":null}},"1":{"start":{"line":2,"column":0},"end":{"line":2,"column":null}},"2":{"start":{"line":4,"column":0},"end":{"line":4,"column":null}},"3":{"start":{"line":6,"column":0},"end":{"line":6,"column":null}},"4":{"start":{"line":8,"column":0},"end":{"line":8,"column":39}},"5":{"start":{"line":8,"column":39},"end":{"line":8,"column":null}},"6":{"start":{"line":10,"column":20},"end":{"line":10,"column":43}},"7":{"start":{"line":12,"column":24},"end":{"line":19,"column":1}},"8":{"start":{"line":13,"column":2},"end":{"line":13,"column":null}},"9":{"start":{"line":14,"column":24},"end":{"line":16,"column":36}},"10":{"start":{"line":18,"column":2},"end":{"line":18,"column":null}},"11":{"start":{"line":19,"column":1},"end":{"line":19,"column":null}},"12":{"start":{"line":21,"column":25},"end":{"line":26,"column":1}},"13":{"start":{"line":22,"column":19},"end":{"line":24,"column":36}},"14":{"start":{"line":25,"column":2},"end":{"line":25,"column":null}},"15":{"start":{"line":26,"column":1},"end":{"line":26,"column":null}},"16":{"start":{"line":28,"column":23},"end":{"line":33,"column":1}},"17":{"start":{"line":29,"column":22},"end":{"line":29,"column":96}},"18":{"start":{"line":30,"column":15},"end":{"line":30,"column":58}},"19":{"start":{"line":32,"column":2},"end":{"line":32,"column":null}},"20":{"start":{"line":33,"column":1},"end":{"line":33,"column":null}},"21":{"start":{"line":35,"column":22},"end":{"line":39,"column":1}},"22":{"start":{"line":36,"column":22},"end":{"line":36,"column":44}},"23":{"start":{"line":38,"column":2},"end":{"line":38,"column":null}},"24":{"start":{"line":39,"column":1},"end":{"line":39,"column":null}},"25":{"start":{"line":41,"column":23},"end":{"line":46,"column":1}},"26":{"start":{"line":42,"column":15},"end":{"line":42,"column":37}},"27":{"start":{"line":43,"column":22},"end":{"line":43,"column":34}},"28":{"start":{"line":45,"column":2},"end":{"line":45,"column":null}},"29":{"start":{"line":46,"column":1},"end":{"line":46,"column":null}},"30":{"start":{"line":48,"column":28},"end":{"line":60,"column":1}},"31":{"start":{"line":49,"column":27},"end":{"line":49,"column":62}},"32":{"start":{"line":50,"column":22},"end":{"line":50,"column":107}},"33":{"start":{"line":50,"column":83},"end":{"line":50,"column":103}},"34":{"start":{"line":52,"column":2},"end":{"line":59,"column":null}},"35":{"start":{"line":53,"column":22},"end":{"line":54,"column":70}},"36":{"start":{"line":56,"column":4},"end":{"line":56,"column":null}},"37":{"start":{"line":58,"column":4},"end":{"line":58,"column":null}},"38":{"start":{"line":60,"column":1},"end":{"line":60,"column":null}},"39":{"start":{"line":62,"column":27},"end":{"line":81,"column":1}},"40":{"start":{"line":63,"column":26},"end":{"line":63,"column":67}},"41":{"start":{"line":65,"column":16},"end":{"line":65,"column":42}},"42":{"start":{"line":66,"column":27},"end":{"line":66,"column":55}},"43":{"start":{"line":68,"column":15},"end":{"line":73,"column":3}},"44":{"start":{"line":75,"column":19},"end":{"line":75,"column":54}},"45":{"start":{"line":77,"column":22},"end":{"line":77,"column":54}},"46":{"start":{"line":79,"column":2},"end":{"line":79,"column":null}},"47":{"start":{"line":80,"column":2},"end":{"line":80,"column":null}},"48":{"start":{"line":81,"column":1},"end":{"line":81,"column":null}},"49":{"start":{"line":83,"column":27},"end":{"line":89,"column":1}},"50":{"start":{"line":84,"column":2},"end":{"line":86,"column":null}},"51":{"start":{"line":85,"column":4},"end":{"line":85,"column":null}},"52":{"start":{"line":88,"column":2},"end":{"line":88,"column":null}}},"fnMap":{"0":{"name":"_getRequireWildcardCache","decl":{"start":{"line":8,"column":39},"end":{"line":8,"column":null}},"loc":{"start":{"line":8,"column":39},"end":{"line":8,"column":null}}},"1":{"name":"(anonymous_3)","decl":{"start":{"line":12,"column":24},"end":{"line":12,"column":30}},"loc":{"start":{"line":12,"column":56},"end":{"line":19,"column":1}}},"2":{"name":"(anonymous_4)","decl":{"start":{"line":21,"column":25},"end":{"line":21,"column":31}},"loc":{"start":{"line":21,"column":57},"end":{"line":26,"column":1}}},"3":{"name":"(anonymous_5)","decl":{"start":{"line":28,"column":23},"end":{"line":28,"column":34}},"loc":{"start":{"line":28,"column":34},"end":{"line":33,"column":1}}},"4":{"name":"(anonymous_6)","decl":{"start":{"line":35,"column":22},"end":{"line":35,"column":28}},"loc":{"start":{"line":35,"column":37},"end":{"line":39,"column":1}}},"5":{"name":"(anonymous_7)","decl":{"start":{"line":41,"column":23},"end":{"line":41,"column":34}},"loc":{"start":{"line":41,"column":34},"end":{"line":46,"column":1}}},"6":{"name":"(anonymous_8)","decl":{"start":{"line":48,"column":28},"end":{"line":48,"column":39}},"loc":{"start":{"line":48,"column":39},"end":{"line":60,"column":1}}},"7":{"name":"(anonymous_9)","decl":{"start":{"line":50,"column":69},"end":{"line":50,"column":70}},"loc":{"start":{"line":50,"column":83},"end":{"line":50,"column":103}}},"8":{"name":"(anonymous_10)","decl":{"start":{"line":62,"column":27},"end":{"line":62,"column":33}},"loc":{"start":{"line":62,"column":103},"end":{"line":81,"column":1}}},"9":{"name":"(anonymous_11)","decl":{"start":{"line":83,"column":27},"end":{"line":83,"column":28}},"loc":{"start":{"line":83,"column":50},"end":{"line":89,"column":1}}}},"branchMap":{"0":{"loc":{"start":{"line":8,"column":39},"end":{"line":8,"column":null}},"type":"if","locations":[{"start":{"line":8,"column":39},"end":{"line":8,"column":null}}]},"1":{"loc":{"start":{"line":8,"column":39},"end":{"line":8,"column":null}},"type":"cond-expr","locations":[{"start":{"line":8,"column":39},"end":{"line":8,"column":null}},{"start":{"line":8,"column":39},"end":{"line":8,"column":null}}]},"2":{"loc":{"start":{"line":8,"column":39},"end":{"line":8,"column":null}},"type":"binary-expr","locations":[{"start":{"line":8,"column":39},"end":{"line":8,"column":null}},{"start":{"line":8,"column":39},"end":{"line":8,"column":null}},{"start":{"line":8,"column":39},"end":{"line":8,"column":null}}]},"3":{"loc":{"start":{"line":12,"column":30},"end":{"line":12,"column":51}},"type":"default-arg","locations":[{"start":{"line":12,"column":49},"end":{"line":12,"column":51}}]},"4":{"loc":{"start":{"line":12,"column":32},"end":{"line":12,"column":45}},"type":"default-arg","locations":[{"start":{"line":12,"column":39},"end":{"line":12,"column":45}}]},"5":{"loc":{"start":{"line":15,"column":7},"end":{"line":15,"column":53}},"type":"cond-expr","locations":[{"start":{"line":15,"column":23},"end":{"line":15,"column":29}},{"start":{"line":15,"column":32},"end":{"line":15,"column":53}}]},"6":{"loc":{"start":{"line":21,"column":31},"end":{"line":21,"column":52}},"type":"default-arg","locations":[{"start":{"line":21,"column":50},"end":{"line":21,"column":52}}]},"7":{"loc":{"start":{"line":21,"column":33},"end":{"line":21,"column":46}},"type":"default-arg","locations":[{"start":{"line":21,"column":40},"end":{"line":21,"column":46}}]},"8":{"loc":{"start":{"line":23,"column":7},"end":{"line":23,"column":64}},"type":"cond-expr","locations":[{"start":{"line":23,"column":23},"end":{"line":23,"column":38}},{"start":{"line":23,"column":41},"end":{"line":23,"column":64}}]},"9":{"loc":{"start":{"line":83,"column":34},"end":{"line":83,"column":45}},"type":"default-arg","locations":[{"start":{"line":83,"column":43},"end":{"line":83,"column":45}}]}},"s":{"0":0,"1":0,"2":0,"3":0,"4":0,"5":0,"6":0,"7":0,"8":0,"9":0,"10":0,"11":0,"12":0,"13":0,"14":0,"15":0,"16":0,"17":0,"18":0,"19":0,"20":0,"21":0,"22":0,"23":0,"24":0,"25":0,"26":0,"27":0,"28":0,"29":0,"30":0,"31":0,"32":0,"33":0,"34":0,"35":0,"36":0,"37":0,"38":0,"39":0,"40":0,"41":0,"42":0,"43":0,"44":0,"45":0,"46":0,"47":0,"48":0,"49":0,"50":0,"51":0,"52":0},"f":{"0":0,"1":0,"2":0,"3":0,"4":0,"5":0,"6":0,"7":0,"8":0,"9":0},"b":{"0":[0],"1":[0,0],"2":[0,0,0],"3":[0],"4":[0],"5":[0,0],"6":[0],"7":[0],"8":[0,0],"9":[0]}}
}
